2020.07.21 14:12:15 INFO  started: Metals version 0.9.2 in workspace '/home/linhnguyen/Desktop/_learn_/spark_streamming' for client vscode.
2020.07.21 14:12:15 INFO  time: initialize in 0.67s
2020.07.21 14:12:17 INFO  no build target: using presentation compiler with only scala-library
2020.07.21 14:12:20 WARN  no build target for: /home/linhnguyen/Desktop/_learn_/spark_streamming/src/main/scala/index.scala
2020.07.21 14:13:58 WARN  no build target for: /home/linhnguyen/Desktop/_learn_/spark_streamming/src/main/scala/index.scala
2020.07.21 14:13:58 WARN  code navigation does not work for the file '/home/linhnguyen/Desktop/_learn_/spark_streamming/src/main/scala/index.scala' because it doesn't belong to a build target.
something's wrong: no file:///home/linhnguyen/Desktop/_learn_/spark_streamming/src/main/scala/index.scala in Array[<error>]RangePosition(file:///home/linhnguyen/Desktop/_learn_/spark_streamming/src/main/scala/index.scala, 75, 75, 90)
something's wrong: no file:///home/linhnguyen/Desktop/_learn_/spark_streamming/src/main/scala/index.scala in Array[<error>]RangePosition(file:///home/linhnguyen/Desktop/_learn_/spark_streamming/src/main/scala/index.scala, 75, 75, 87)
something's wrong: no file:///home/linhnguyen/Desktop/_learn_/spark_streamming/src/main/scala/index.scala in Array[String]RangePosition(file:///home/linhnguyen/Desktop/_learn_/spark_streamming/src/main/scala/index.scala, 75, 75, 88)
something's wrong: no file:///home/linhnguyen/Desktop/_learn_/spark_streamming/src/main/scala/index.scala in Array[String]RangePosition(file:///home/linhnguyen/Desktop/_learn_/spark_streamming/src/main/scala/index.scala, 75, 75, 88)
2020.07.21 14:14:55 WARN  code navigation does not work for the file '/home/linhnguyen/Desktop/_learn_/spark_streamming/src/main/scala/index.scala' because it doesn't belong to a build target.
2020.07.21 14:14:56 WARN  no build target for: /home/linhnguyen/Desktop/_learn_/spark_streamming/src/main/scala/index.scala
Exception in thread "pool-1-thread-11" java.lang.Error: java.lang.InterruptedException
	at java.util.concurrent.ThreadPoolExecutor.runWorker(ThreadPoolExecutor.java:1155)
	at java.util.concurrent.ThreadPoolExecutor$Worker.run(ThreadPoolExecutor.java:624)
	at java.lang.Thread.run(Thread.java:748)
Caused by: java.lang.InterruptedException
	at scala.meta.internal.metals.FutureCancelToken.checkCanceled(FutureCancelToken.scala:29)
	at scala.meta.internal.mtags.MtagsEnrichments$XtensionCancelChecker.isCancelled(MtagsEnrichments.scala:152)
	at scala.meta.internal.metals.FormattingProvider.$anonfun$isCancelled$1(FormattingProvider.scala:63)
	at scala.meta.internal.metals.FormattingProvider.$anonfun$isCancelled$1$adapted(FormattingProvider.scala:63)
	at scala.Option.exists(Option.scala:376)
	at scala.meta.internal.metals.FormattingProvider.isCancelled(FormattingProvider.scala:63)
	at scala.meta.internal.metals.FormattingProvider.$anonfun$handleMissingFile$1(FormattingProvider.scala:204)
	at scala.meta.internal.metals.FormattingProvider.$anonfun$handleMissingFile$1$adapted(FormattingProvider.scala:197)
	at scala.util.Success.$anonfun$map$1(Try.scala:255)
	at scala.util.Success.map(Try.scala:213)
	at scala.concurrent.Future.$anonfun$map$1(Future.scala:292)
	at scala.concurrent.impl.Promise.liftedTree1$1(Promise.scala:33)
	at scala.concurrent.impl.Promise.$anonfun$transform$1(Promise.scala:33)
	at scala.concurrent.impl.CallbackRunnable.run(Promise.scala:64)
	at java.util.concurrent.ThreadPoolExecutor.runWorker(ThreadPoolExecutor.java:1149)
	... 2 more
Jul 21, 2020 2:15:24 PM org.eclipse.lsp4j.jsonrpc.RemoteEndpoint handleCancellation
WARNING: Unmatched cancel notification for request id 176
Jul 21, 2020 2:15:24 PM org.eclipse.lsp4j.jsonrpc.RemoteEndpoint handleCancellation
WARNING: Unmatched cancel notification for request id 178
Jul 21, 2020 2:15:24 PM org.eclipse.lsp4j.jsonrpc.RemoteEndpoint handleCancellation
WARNING: Unmatched cancel notification for request id 182
Jul 21, 2020 2:15:24 PM org.eclipse.lsp4j.jsonrpc.RemoteEndpoint handleCancellation
WARNING: Unmatched cancel notification for request id 184
Jul 21, 2020 2:15:24 PM org.eclipse.lsp4j.jsonrpc.RemoteEndpoint handleCancellation
WARNING: Unmatched cancel notification for request id 185
Jul 21, 2020 2:15:24 PM org.eclipse.lsp4j.jsonrpc.RemoteEndpoint handleCancellation
WARNING: Unmatched cancel notification for request id 186
Jul 21, 2020 2:15:24 PM org.eclipse.lsp4j.jsonrpc.RemoteEndpoint handleCancellation
WARNING: Unmatched cancel notification for request id 188
Jul 21, 2020 2:15:24 PM org.eclipse.lsp4j.jsonrpc.RemoteEndpoint handleCancellation
WARNING: Unmatched cancel notification for request id 187
Jul 21, 2020 2:15:24 PM org.eclipse.lsp4j.jsonrpc.RemoteEndpoint handleCancellation
WARNING: Unmatched cancel notification for request id 192
Jul 21, 2020 2:15:24 PM org.eclipse.lsp4j.jsonrpc.RemoteEndpoint handleCancellation
WARNING: Unmatched cancel notification for request id 191
Jul 21, 2020 2:15:24 PM org.eclipse.lsp4j.jsonrpc.RemoteEndpoint handleCancellation
WARNING: Unmatched cancel notification for request id 193
Jul 21, 2020 2:15:24 PM org.eclipse.lsp4j.jsonrpc.RemoteEndpoint handleCancellation
WARNING: Unmatched cancel notification for request id 198
Jul 21, 2020 2:15:24 PM org.eclipse.lsp4j.jsonrpc.RemoteEndpoint handleCancellation
WARNING: Unmatched cancel notification for request id 177
Jul 21, 2020 2:15:24 PM org.eclipse.lsp4j.jsonrpc.RemoteEndpoint handleCancellation
WARNING: Unmatched cancel notification for request id 199
Jul 21, 2020 2:15:24 PM org.eclipse.lsp4j.jsonrpc.RemoteEndpoint handleCancellation
WARNING: Unmatched cancel notification for request id 201
Jul 21, 2020 2:15:24 PM org.eclipse.lsp4j.jsonrpc.RemoteEndpoint handleCancellation
WARNING: Unmatched cancel notification for request id 203
Jul 21, 2020 2:15:24 PM org.eclipse.lsp4j.jsonrpc.RemoteEndpoint handleCancellation
WARNING: Unmatched cancel notification for request id 206
Jul 21, 2020 2:15:24 PM org.eclipse.lsp4j.jsonrpc.RemoteEndpoint handleCancellation
WARNING: Unmatched cancel notification for request id 209
Jul 21, 2020 2:15:24 PM org.eclipse.lsp4j.jsonrpc.RemoteEndpoint handleCancellation
WARNING: Unmatched cancel notification for request id 207
2020.07.21 14:15:24 WARN  no build target for: /home/linhnguyen/Desktop/_learn_/spark_streamming/src/main/scala/index.scala
2020.07.21 14:15:27 WARN  no build target for: /home/linhnguyen/Desktop/_learn_/spark_streamming/src/main/scala/index.scala
2020.07.21 14:15:43 WARN  no build target for: /home/linhnguyen/Desktop/_learn_/spark_streamming/src/main/scala/index.scala
2020.07.21 14:16:05 WARN  no build target for: /home/linhnguyen/Desktop/_learn_/spark_streamming/src/main/scala/index.scala
2020.07.21 14:16:59 WARN  code navigation does not work for the file '/home/linhnguyen/Desktop/_learn_/spark_streamming/src/main/scala/index.scala' because it doesn't belong to a build target.
2020.07.21 14:16:59 WARN  no build target for: /home/linhnguyen/Desktop/_learn_/spark_streamming/src/main/scala/index.scala
2020.07.21 14:18:07 INFO  skipping build import with status 'Dismissed'
Jul 21, 2020 2:19:27 PM org.eclipse.lsp4j.jsonrpc.RemoteEndpoint handleNotification
WARNING: Notification threw an exception: {
  "jsonrpc": "2.0",
  "method": "workspace/didChangeWatchedFiles",
  "params": {
    "changes": [
      {
        "uri": "file:///home/linhnguyen/Desktop/_learn_/spark_streamming/project/build.properties",
        "type": 3
      }
    ]
  }
}
java.lang.RuntimeException: java.lang.reflect.InvocationTargetException
	at org.eclipse.lsp4j.jsonrpc.services.GenericEndpoint.lambda$null$0(GenericEndpoint.java:67)
	at org.eclipse.lsp4j.jsonrpc.services.GenericEndpoint.notify(GenericEndpoint.java:152)
	at org.eclipse.lsp4j.jsonrpc.RemoteEndpoint.handleNotification(RemoteEndpoint.java:220)
	at org.eclipse.lsp4j.jsonrpc.RemoteEndpoint.consume(RemoteEndpoint.java:187)
	at org.eclipse.lsp4j.jsonrpc.json.StreamMessageProducer.handleMessage(StreamMessageProducer.java:194)
	at org.eclipse.lsp4j.jsonrpc.json.StreamMessageProducer.listen(StreamMessageProducer.java:94)
	at org.eclipse.lsp4j.jsonrpc.json.ConcurrentMessageProcessor.run(ConcurrentMessageProcessor.java:113)
	at java.util.concurrent.Executors$RunnableAdapter.call(Executors.java:511)
	at java.util.concurrent.FutureTask.run(FutureTask.java:266)
	at java.util.concurrent.ThreadPoolExecutor.runWorker(ThreadPoolExecutor.java:1149)
	at java.util.concurrent.ThreadPoolExecutor$Worker.run(ThreadPoolExecutor.java:624)
	at java.lang.Thread.run(Thread.java:748)
Caused by: java.lang.reflect.InvocationTargetException
	at sun.reflect.NativeMethodAccessorImpl.invoke0(Native Method)
	at sun.reflect.NativeMethodAccessorImpl.invoke(NativeMethodAccessorImpl.java:62)
	at sun.reflect.DelegatingMethodAccessorImpl.invoke(DelegatingMethodAccessorImpl.java:43)
	at java.lang.reflect.Method.invoke(Method.java:498)
	at org.eclipse.lsp4j.jsonrpc.services.GenericEndpoint.lambda$null$0(GenericEndpoint.java:65)
	... 11 more
Caused by: java.nio.file.NoSuchFileException: /home/linhnguyen/Desktop/_learn_/spark_streamming/project/build.properties
	at sun.nio.fs.UnixException.translateToIOException(UnixException.java:86)
	at sun.nio.fs.UnixException.rethrowAsIOException(UnixException.java:102)
	at sun.nio.fs.UnixException.rethrowAsIOException(UnixException.java:107)
	at sun.nio.fs.UnixFileSystemProvider.newByteChannel(UnixFileSystemProvider.java:214)
	at java.nio.file.Files.newByteChannel(Files.java:361)
	at java.nio.file.Files.newByteChannel(Files.java:407)
	at java.nio.file.Files.readAllBytes(Files.java:3152)
	at scala.meta.internal.io.PlatformFileIO$.slurp(PlatformFileIO.scala:45)
	at scala.meta.internal.io.FileIO$.slurp(FileIO.scala:24)
	at scala.meta.internal.metals.MetalsLanguageServer.$anonfun$onChange$1(MetalsLanguageServer.scala:1050)
	at scala.meta.internal.metals.MetalsLanguageServer.$anonfun$onChange$1$adapted(MetalsLanguageServer.scala:1049)
	at scala.collection.immutable.Stream.foreach(Stream.scala:533)
	at scala.meta.internal.metals.MetalsLanguageServer.onChange(MetalsLanguageServer.scala:1049)
	at scala.meta.internal.metals.MetalsLanguageServer.didChangeWatchedFiles(MetalsLanguageServer.scala:1004)
	... 16 more

2020.07.21 14:21:27 INFO  skipping build import with status 'Dismissed'
2020.07.21 14:21:29 INFO  skipping build import with status 'Dismissed'
2020.07.21 14:21:30 INFO  skipping build import with status 'Dismissed'
2020.07.21 14:21:59 INFO  skipping build import with status 'Requested'
2020.07.21 14:24:04 INFO  skipping build import with status 'Dismissed'
2020.07.21 14:24:40 INFO  skipping build import with status 'Dismissed'
2020.07.21 14:24:41 INFO  skipping build import with status 'Dismissed'
2020.07.21 14:25:27 WARN  no build target for: /home/linhnguyen/Desktop/_learn_/spark_streamming/src/main/scala/index.scala
2020.07.21 14:26:53 WARN  no build target for: /home/linhnguyen/Desktop/_learn_/spark_streamming/src/main/scala/index.scala
2020.07.21 14:28:44 WARN  code navigation does not work for the file '/home/linhnguyen/Desktop/_learn_/spark_streamming/src/main/scala/index.scala' because it doesn't belong to a build target.
2020.07.21 14:28:44 WARN  no build target for: /home/linhnguyen/Desktop/_learn_/spark_streamming/src/main/scala/index.scala
2020.07.21 14:29:07 WARN  no build target for: /home/linhnguyen/Desktop/_learn_/spark_streamming/src/main/scala/index.scala
2020.07.21 15:01:16 WARN  no build target for: /home/linhnguyen/Desktop/_learn_/spark_streamming/src/main/scala/index.scala
2020.07.21 15:01:37 WARN  code navigation does not work for the file '/home/linhnguyen/Desktop/_learn_/spark_streamming/src/main/scala/index.scala' because it doesn't belong to a build target.
2020.07.21 15:02:23 WARN  no build target for: /home/linhnguyen/Desktop/_learn_/spark_streamming/src/main/scala/index.scala
2020.07.21 15:02:29 WARN  no build target for: /home/linhnguyen/Desktop/_learn_/spark_streamming/src/main/scala/index.scala
2020.07.21 15:02:39 WARN  no build target for: /home/linhnguyen/Desktop/_learn_/spark_streamming/src/main/scala/index.scala
2020.07.21 15:44:39 WARN  no build target for: /home/linhnguyen/Desktop/_learn_/spark_streamming/src/main/scala/index.scala
2020.07.21 15:44:51 WARN  no build target for: /home/linhnguyen/Desktop/_learn_/spark_streamming/src/main/scala/index.scala
2020.07.21 15:45:45 WARN  code navigation does not work for the file '/home/linhnguyen/Desktop/_learn_/spark_streamming/src/main/scala/index.scala' because it doesn't belong to a build target.
2020.07.21 15:45:45 WARN  code navigation does not work for the file '/home/linhnguyen/Desktop/_learn_/spark_streamming/src/main/scala/index.scala' because it doesn't belong to a build target.
2020.07.21 15:45:45 WARN  code navigation does not work for the file '/home/linhnguyen/Desktop/_learn_/spark_streamming/src/main/scala/index.scala' because it doesn't belong to a build target.
2020.07.21 15:45:46 WARN  code navigation does not work for the file '/home/linhnguyen/Desktop/_learn_/spark_streamming/src/main/scala/index.scala' because it doesn't belong to a build target.
2020.07.21 15:45:46 WARN  code navigation does not work for the file '/home/linhnguyen/Desktop/_learn_/spark_streamming/src/main/scala/index.scala' because it doesn't belong to a build target.
2020.07.21 15:45:46 WARN  no build target for: /home/linhnguyen/Desktop/_learn_/spark_streamming/src/main/scala/index.scala
2020.07.21 15:45:50 WARN  no build target for: /home/linhnguyen/Desktop/_learn_/spark_streamming/src/main/scala/index.scala
2020.07.21 15:45:51 WARN  code navigation does not work for the file '/home/linhnguyen/Desktop/_learn_/spark_streamming/src/main/scala/index.scala' because it doesn't belong to a build target.
2020.07.21 15:45:51 WARN  code navigation does not work for the file '/home/linhnguyen/Desktop/_learn_/spark_streamming/src/main/scala/index.scala' because it doesn't belong to a build target.
2020.07.21 15:45:53 WARN  code navigation does not work for the file '/home/linhnguyen/Desktop/_learn_/spark_streamming/src/main/scala/index.scala' because it doesn't belong to a build target.
2020.07.21 15:45:53 WARN  no build target for: /home/linhnguyen/Desktop/_learn_/spark_streamming/src/main/scala/index.scala
2020.07.21 15:45:53 WARN  code navigation does not work for the file '/home/linhnguyen/Desktop/_learn_/spark_streamming/src/main/scala/index.scala' because it doesn't belong to a build target.
2020.07.21 15:45:55 WARN  no build target for: /home/linhnguyen/Desktop/_learn_/spark_streamming/src/main/scala/index.scala
2020.07.21 15:46:03 WARN  no build target for: /home/linhnguyen/Desktop/_learn_/spark_streamming/src/main/scala/index.scala
2020.07.21 15:46:11 WARN  no build target for: /home/linhnguyen/Desktop/_learn_/spark_streamming/src/main/scala/index.scala
2020.07.21 15:46:28 WARN  no build target for: /home/linhnguyen/Desktop/_learn_/spark_streamming/src/main/scala/index.scala
2020.07.21 15:46:29 WARN  no build target for: /home/linhnguyen/Desktop/_learn_/spark_streamming/src/main/scala/index.scala
2020.07.21 15:46:48 WARN  no build target for: /home/linhnguyen/Desktop/_learn_/spark_streamming/src/main/scala/index.scala
2020.07.21 15:47:25 WARN  no build target for: /home/linhnguyen/Desktop/_learn_/spark_streamming/src/main/scala/index.scala
2020.07.21 15:50:59 WARN  code navigation does not work for the file '/home/linhnguyen/Desktop/_learn_/spark_streamming/src/main/scala/index.scala' because it doesn't belong to a build target.
2020.07.21 15:51:01 WARN  no build target for: /home/linhnguyen/Desktop/_learn_/spark_streamming/src/main/scala/index.scala
2020.07.21 15:51:21 WARN  code navigation does not work for the file '/home/linhnguyen/Desktop/_learn_/spark_streamming/src/main/scala/index.scala' because it doesn't belong to a build target.
2020.07.21 15:51:21 WARN  code navigation does not work for the file '/home/linhnguyen/Desktop/_learn_/spark_streamming/src/main/scala/index.scala' because it doesn't belong to a build target.
2020.07.21 15:51:21 WARN  no build target for: /home/linhnguyen/Desktop/_learn_/spark_streamming/src/main/scala/index.scala
2020.07.21 15:51:48 WARN  code navigation does not work for the file '/home/linhnguyen/Desktop/_learn_/spark_streamming/src/main/scala/index.scala' because it doesn't belong to a build target.
2020.07.21 15:51:48 WARN  code navigation does not work for the file '/home/linhnguyen/Desktop/_learn_/spark_streamming/src/main/scala/index.scala' because it doesn't belong to a build target.
2020.07.21 15:51:48 WARN  code navigation does not work for the file '/home/linhnguyen/Desktop/_learn_/spark_streamming/src/main/scala/index.scala' because it doesn't belong to a build target.
2020.07.21 15:51:49 WARN  code navigation does not work for the file '/home/linhnguyen/Desktop/_learn_/spark_streamming/src/main/scala/index.scala' because it doesn't belong to a build target.
2020.07.21 15:51:49 WARN  code navigation does not work for the file '/home/linhnguyen/Desktop/_learn_/spark_streamming/src/main/scala/index.scala' because it doesn't belong to a build target.
2020.07.21 15:51:53 WARN  no build target for: /home/linhnguyen/Desktop/_learn_/spark_streamming/src/main/scala/index.scala
2020.07.21 15:52:20 WARN  no build target for: /home/linhnguyen/Desktop/_learn_/spark_streamming/src/main/scala/index.scala
2020.07.21 15:52:35 WARN  code navigation does not work for the file '/home/linhnguyen/Desktop/_learn_/spark_streamming/src/main/scala/index.scala' because it doesn't belong to a build target.
2020.07.21 15:52:35 WARN  code navigation does not work for the file '/home/linhnguyen/Desktop/_learn_/spark_streamming/src/main/scala/index.scala' because it doesn't belong to a build target.
2020.07.21 15:52:47 WARN  code navigation does not work for the file '/home/linhnguyen/Desktop/_learn_/spark_streamming/src/main/scala/index.scala' because it doesn't belong to a build target.
2020.07.21 15:52:47 WARN  no build target for: /home/linhnguyen/Desktop/_learn_/spark_streamming/src/main/scala/index.scala
2020.07.21 15:54:01 WARN  code navigation does not work for the file '/home/linhnguyen/Desktop/_learn_/spark_streamming/src/main/scala/index.scala' because it doesn't belong to a build target.
2020.07.21 15:54:01 WARN  code navigation does not work for the file '/home/linhnguyen/Desktop/_learn_/spark_streamming/src/main/scala/index.scala' because it doesn't belong to a build target.
2020.07.21 15:54:01 WARN  code navigation does not work for the file '/home/linhnguyen/Desktop/_learn_/spark_streamming/src/main/scala/index.scala' because it doesn't belong to a build target.
2020.07.21 15:54:06 WARN  code navigation does not work for the file '/home/linhnguyen/Desktop/_learn_/spark_streamming/src/main/scala/index.scala' because it doesn't belong to a build target.
2020.07.21 15:54:12 WARN  no build target for: /home/linhnguyen/Desktop/_learn_/spark_streamming/src/main/scala/index.scala
2020.07.21 15:55:18 WARN  code navigation does not work for the file '/home/linhnguyen/Desktop/_learn_/spark_streamming/src/main/scala/index.scala' because it doesn't belong to a build target.
2020.07.21 15:55:18 WARN  code navigation does not work for the file '/home/linhnguyen/Desktop/_learn_/spark_streamming/src/main/scala/index.scala' because it doesn't belong to a build target.
2020.07.21 15:55:18 WARN  code navigation does not work for the file '/home/linhnguyen/Desktop/_learn_/spark_streamming/src/main/scala/index.scala' because it doesn't belong to a build target.
2020.07.21 15:55:18 WARN  no build target for: /home/linhnguyen/Desktop/_learn_/spark_streamming/src/main/scala/index.scala
2020.07.21 15:55:31 WARN  no build target for: /home/linhnguyen/Desktop/_learn_/spark_streamming/src/main/scala/index.scala
2020.07.21 15:55:38 WARN  no build target for: /home/linhnguyen/Desktop/_learn_/spark_streamming/src/main/scala/index.scala
2020.07.21 15:55:43 WARN  code navigation does not work for the file '/home/linhnguyen/Desktop/_learn_/spark_streamming/src/main/scala/index.scala' because it doesn't belong to a build target.
2020.07.21 16:04:04 WARN  no build target for: /home/linhnguyen/Desktop/_learn_/spark_streamming/src/main/scala/index.scala
2020.07.21 16:04:24 WARN  code navigation does not work for the file '/home/linhnguyen/Desktop/_learn_/spark_streamming/src/main/scala/index.scala' because it doesn't belong to a build target.
2020.07.21 16:04:24 WARN  no build target for: /home/linhnguyen/Desktop/_learn_/spark_streamming/src/main/scala/index.scala
2020.07.21 16:04:51 WARN  no build target for: /home/linhnguyen/Desktop/_learn_/spark_streamming/src/main/scala/index.scala
2020.07.21 16:04:51 WARN  code navigation does not work for the file '/home/linhnguyen/Desktop/_learn_/spark_streamming/src/main/scala/index.scala' because it doesn't belong to a build target.
2020.07.21 16:04:52 WARN  no build target for: /home/linhnguyen/Desktop/_learn_/spark_streamming/src/main/scala/index.scala
2020.07.21 16:07:52 WARN  no build target for: /home/linhnguyen/Desktop/_learn_/spark_streamming/src/main/scala/index.scala
2020.07.21 16:07:52 WARN  no build target for: /home/linhnguyen/Desktop/_learn_/spark_streamming/src/main/scala/index.scala
2020.07.21 16:09:18 WARN  no build target for: /home/linhnguyen/Desktop/_learn_/spark_streamming/src/main/scala/index.scala
2020.07.21 16:09:36 WARN  code navigation does not work for the file '/home/linhnguyen/Desktop/_learn_/spark_streamming/src/main/scala/index.scala' because it doesn't belong to a build target.
2020.07.21 16:09:36 WARN  code navigation does not work for the file '/home/linhnguyen/Desktop/_learn_/spark_streamming/src/main/scala/index.scala' because it doesn't belong to a build target.
2020.07.21 16:09:36 WARN  code navigation does not work for the file '/home/linhnguyen/Desktop/_learn_/spark_streamming/src/main/scala/index.scala' because it doesn't belong to a build target.
2020.07.21 16:09:37 WARN  code navigation does not work for the file '/home/linhnguyen/Desktop/_learn_/spark_streamming/src/main/scala/index.scala' because it doesn't belong to a build target.
Jul 21, 2020 4:10:46 PM org.eclipse.lsp4j.jsonrpc.RemoteEndpoint handleNotification
WARNING: Notification threw an exception: {
  "jsonrpc": "2.0",
  "method": "workspace/didChangeWatchedFiles",
  "params": {
    "changes": [
      {
        "uri": "file:///home/linhnguyen/Desktop/_learn_/spark_streamming/build.sbt",
        "type": 3
      },
      {
        "uri": "file:///home/linhnguyen/Desktop/_learn_/spark_streamming/project/build.properties",
        "type": 3
      }
    ]
  }
}
java.lang.RuntimeException: java.lang.reflect.InvocationTargetException
	at org.eclipse.lsp4j.jsonrpc.services.GenericEndpoint.lambda$null$0(GenericEndpoint.java:67)
	at org.eclipse.lsp4j.jsonrpc.services.GenericEndpoint.notify(GenericEndpoint.java:152)
	at org.eclipse.lsp4j.jsonrpc.RemoteEndpoint.handleNotification(RemoteEndpoint.java:220)
	at org.eclipse.lsp4j.jsonrpc.RemoteEndpoint.consume(RemoteEndpoint.java:187)
	at org.eclipse.lsp4j.jsonrpc.json.StreamMessageProducer.handleMessage(StreamMessageProducer.java:194)
	at org.eclipse.lsp4j.jsonrpc.json.StreamMessageProducer.listen(StreamMessageProducer.java:94)
	at org.eclipse.lsp4j.jsonrpc.json.ConcurrentMessageProcessor.run(ConcurrentMessageProcessor.java:113)
	at java.util.concurrent.Executors$RunnableAdapter.call(Executors.java:511)
	at java.util.concurrent.FutureTask.run(FutureTask.java:266)
	at java.util.concurrent.ThreadPoolExecutor.runWorker(ThreadPoolExecutor.java:1149)
	at java.util.concurrent.ThreadPoolExecutor$Worker.run(ThreadPoolExecutor.java:624)
	at java.lang.Thread.run(Thread.java:748)
Caused by: java.lang.reflect.InvocationTargetException
	at sun.reflect.NativeMethodAccessorImpl.invoke0(Native Method)
	at sun.reflect.NativeMethodAccessorImpl.invoke(NativeMethodAccessorImpl.java:62)
	at sun.reflect.DelegatingMethodAccessorImpl.invoke(DelegatingMethodAccessorImpl.java:43)
	at java.lang.reflect.Method.invoke(Method.java:498)
	at org.eclipse.lsp4j.jsonrpc.services.GenericEndpoint.lambda$null$0(GenericEndpoint.java:65)
	... 11 more
Caused by: java.nio.file.NoSuchFileException: /home/linhnguyen/Desktop/_learn_/spark_streamming/build.sbt
	at sun.nio.fs.UnixException.translateToIOException(UnixException.java:86)
	at sun.nio.fs.UnixException.rethrowAsIOException(UnixException.java:102)
	at sun.nio.fs.UnixException.rethrowAsIOException(UnixException.java:107)
	at sun.nio.fs.UnixFileSystemProvider.newByteChannel(UnixFileSystemProvider.java:214)
	at java.nio.file.Files.newByteChannel(Files.java:361)
	at java.nio.file.Files.newByteChannel(Files.java:407)
	at java.nio.file.Files.readAllBytes(Files.java:3152)
	at scala.meta.internal.io.PlatformFileIO$.slurp(PlatformFileIO.scala:45)
	at scala.meta.internal.io.FileIO$.slurp(FileIO.scala:24)
	at scala.meta.internal.metals.MetalsLanguageServer.$anonfun$onChange$1(MetalsLanguageServer.scala:1050)
	at scala.meta.internal.metals.MetalsLanguageServer.$anonfun$onChange$1$adapted(MetalsLanguageServer.scala:1049)
	at scala.collection.immutable.Stream.foreach(Stream.scala:533)
	at scala.meta.internal.metals.MetalsLanguageServer.onChange(MetalsLanguageServer.scala:1049)
	at scala.meta.internal.metals.MetalsLanguageServer.didChangeWatchedFiles(MetalsLanguageServer.scala:1004)
	... 16 more

2020.07.21 16:10:51 INFO  shutting down Metals
2020.07.21 16:11:13 INFO  started: Metals version 0.9.2 in workspace '/home/linhnguyen/Desktop/_learn_/spark_sql' for client vscode.
2020.07.21 16:11:14 INFO  time: initialize in 1.12s
2020.07.21 16:11:19 INFO  no build target: using presentation compiler with only scala-library
2020.07.21 16:11:25 WARN  no build target for: /home/linhnguyen/Desktop/_learn_/spark_sql/src/main/scala/index.scala
2020.07.21 16:44:27 WARN  code navigation does not work for the file '/home/linhnguyen/Desktop/_learn_/spark_sql/src/main/scala/index.scala' because it doesn't belong to a build target.
2020.07.21 16:44:31 WARN  code navigation does not work for the file '/home/linhnguyen/Desktop/_learn_/spark_sql/src/main/scala/index.scala' because it doesn't belong to a build target.
2020.07.21 16:44:32 WARN  code navigation does not work for the file '/home/linhnguyen/Desktop/_learn_/spark_sql/src/main/scala/index.scala' because it doesn't belong to a build target.
2020.07.21 16:44:32 WARN  code navigation does not work for the file '/home/linhnguyen/Desktop/_learn_/spark_sql/src/main/scala/index.scala' because it doesn't belong to a build target.
2020.07.21 16:44:33 ERROR scalafmt: /home/linhnguyen/Desktop/_learn_/spark_sql/src/main/scala/index.scala:18: error: ) expected but ( found
        .map(fieldName => fieldName == "age"? StructField(fieldName, IntegerType, true) : StructField(fieldName, StringType, true))
                                                                                                     ^
2020.07.21 16:44:33 WARN  no build target for: /home/linhnguyen/Desktop/_learn_/spark_sql/src/main/scala/index.scala
2020.07.21 16:45:16 WARN  no build target for: /home/linhnguyen/Desktop/_learn_/spark_sql/src/main/scala/index.scala
2020.07.21 16:45:20 WARN  code navigation does not work for the file '/home/linhnguyen/Desktop/_learn_/spark_sql/src/main/scala/index.scala' because it doesn't belong to a build target.
2020.07.21 16:45:20 WARN  code navigation does not work for the file '/home/linhnguyen/Desktop/_learn_/spark_sql/src/main/scala/index.scala' because it doesn't belong to a build target.
2020.07.21 16:45:20 WARN  code navigation does not work for the file '/home/linhnguyen/Desktop/_learn_/spark_sql/src/main/scala/index.scala' because it doesn't belong to a build target.
2020.07.21 16:45:20 WARN  code navigation does not work for the file '/home/linhnguyen/Desktop/_learn_/spark_sql/src/main/scala/index.scala' because it doesn't belong to a build target.
2020.07.21 16:45:22 WARN  no build target for: /home/linhnguyen/Desktop/_learn_/spark_sql/src/main/scala/index.scala
2020.07.21 16:45:37 WARN  no build target for: /home/linhnguyen/Desktop/_learn_/spark_sql/src/main/scala/index.scala
2020.07.21 16:47:10 WARN  no build target for: /home/linhnguyen/Desktop/_learn_/spark_sql/src/main/scala/index.scala
2020.07.21 16:49:13 WARN  no build target for: /home/linhnguyen/Desktop/_learn_/spark_sql/src/main/scala/index.scala
2020.07.21 16:49:19 ERROR scalafmt: /home/linhnguyen/Desktop/_learn_/spark_sql/src/main/scala/index.scala:29: error: illegal start of simple expression
        },)
          ^
2020.07.21 16:49:19 WARN  no build target for: /home/linhnguyen/Desktop/_learn_/spark_sql/src/main/scala/index.scala
2020.07.21 16:49:20 WARN  no build target for: /home/linhnguyen/Desktop/_learn_/spark_sql/src/main/scala/index.scala
2020.07.21 16:49:26 WARN  no build target for: /home/linhnguyen/Desktop/_learn_/spark_sql/src/main/scala/index.scala
2020.07.21 16:49:49 WARN  no build target for: /home/linhnguyen/Desktop/_learn_/spark_sql/src/main/scala/index.scala
2020.07.21 16:49:51 WARN  no build target for: /home/linhnguyen/Desktop/_learn_/spark_sql/src/main/scala/index.scala
2020.07.21 16:49:56 WARN  no build target for: /home/linhnguyen/Desktop/_learn_/spark_sql/src/main/scala/index.scala
2020.07.21 16:51:16 WARN  code navigation does not work for the file '/home/linhnguyen/Desktop/_learn_/spark_sql/src/main/scala/index.scala' because it doesn't belong to a build target.
2020.07.21 16:52:46 WARN  no build target for: /home/linhnguyen/Desktop/_learn_/spark_sql/src/main/scala/index.scala
2020.07.21 16:53:38 WARN  no build target for: /home/linhnguyen/Desktop/_learn_/spark_sql/src/main/scala/index.scala
2020.07.21 16:54:02 WARN  no build target for: /home/linhnguyen/Desktop/_learn_/spark_sql/src/main/scala/index.scala
2020.07.21 16:54:12 WARN  no build target for: /home/linhnguyen/Desktop/_learn_/spark_sql/src/main/scala/index.scala
2020.07.21 16:55:31 WARN  no build target for: /home/linhnguyen/Desktop/_learn_/spark_sql/src/main/scala/index.scala
2020.07.21 16:55:33 WARN  no build target for: /home/linhnguyen/Desktop/_learn_/spark_sql/src/main/scala/index.scala
2020.07.21 17:03:52 WARN  no build target for: /home/linhnguyen/Desktop/_learn_/spark_sql/src/main/scala/index.scala
2020.07.21 17:04:07 WARN  code navigation does not work for the file '/home/linhnguyen/Desktop/_learn_/spark_sql/src/main/scala/index.scala' because it doesn't belong to a build target.
2020.07.21 17:04:07 WARN  code navigation does not work for the file '/home/linhnguyen/Desktop/_learn_/spark_sql/src/main/scala/index.scala' because it doesn't belong to a build target.
2020.07.21 17:04:07 WARN  code navigation does not work for the file '/home/linhnguyen/Desktop/_learn_/spark_sql/src/main/scala/index.scala' because it doesn't belong to a build target.
2020.07.21 17:04:07 WARN  no build target for: /home/linhnguyen/Desktop/_learn_/spark_sql/src/main/scala/index.scala
2020.07.21 17:04:09 WARN  no build target for: /home/linhnguyen/Desktop/_learn_/spark_sql/src/main/scala/index.scala
2020.07.21 17:04:09 WARN  code navigation does not work for the file '/home/linhnguyen/Desktop/_learn_/spark_sql/src/main/scala/index.scala' because it doesn't belong to a build target.
2020.07.21 17:04:09 WARN  no build target for: /home/linhnguyen/Desktop/_learn_/spark_sql/src/main/scala/index.scala
2020.07.21 17:04:16 WARN  no build target for: /home/linhnguyen/Desktop/_learn_/spark_sql/src/main/scala/index2.scala
2020.07.21 17:04:21 WARN  code navigation does not work for the file '/home/linhnguyen/Desktop/_learn_/spark_sql/src/main/scala/index2.scala' because it doesn't belong to a build target.
2020.07.21 17:04:21 WARN  no build target for: /home/linhnguyen/Desktop/_learn_/spark_sql/src/main/scala/index2.scala
2020.07.21 17:04:40 WARN  code navigation does not work for the file '/home/linhnguyen/Desktop/_learn_/spark_sql/src/main/scala/index2.scala' because it doesn't belong to a build target.
2020.07.21 17:04:40 WARN  no build target for: /home/linhnguyen/Desktop/_learn_/spark_sql/src/main/scala/index2.scala
2020.07.21 17:04:46 WARN  no build target for: /home/linhnguyen/Desktop/_learn_/spark_sql/src/main/scala/index2.scala
Jul 21, 2020 5:04:56 PM org.eclipse.lsp4j.jsonrpc.RemoteEndpoint handleCancellation
WARNING: Unmatched cancel notification for request id 750
2020.07.21 17:05:18 WARN  code navigation does not work for the file '/home/linhnguyen/Desktop/_learn_/spark_sql/src/main/scala/index2.scala' because it doesn't belong to a build target.
2020.07.21 17:05:18 WARN  no build target for: /home/linhnguyen/Desktop/_learn_/spark_sql/src/main/scala/index2.scala
2020.07.21 17:05:35 WARN  no build target for: /home/linhnguyen/Desktop/_learn_/spark_sql/src/main/scala/index2.scala
2020.07.21 17:05:41 WARN  no build target for: /home/linhnguyen/Desktop/_learn_/spark_sql/src/main/scala/index2.scala
2020.07.21 17:05:49 WARN  no build target for: /home/linhnguyen/Desktop/_learn_/spark_sql/src/main/scala/index2.scala
2020.07.21 17:06:02 WARN  no build target for: /home/linhnguyen/Desktop/_learn_/spark_sql/src/main/scala/index2.scala
2020.07.21 17:06:13 WARN  no build target for: /home/linhnguyen/Desktop/_learn_/spark_sql/src/main/scala/index2.scala
2020.07.21 17:06:21 WARN  code navigation does not work for the file '/home/linhnguyen/Desktop/_learn_/spark_sql/src/main/scala/index2.scala' because it doesn't belong to a build target.
2020.07.21 17:06:21 WARN  no build target for: /home/linhnguyen/Desktop/_learn_/spark_sql/src/main/scala/index2.scala
2020.07.21 17:06:41 WARN  no build target for: /home/linhnguyen/Desktop/_learn_/spark_sql/src/main/scala/index.scala
2020.07.21 17:07:04 WARN  no build target for: /home/linhnguyen/Desktop/_learn_/spark_sql/src/main/scala/index2.scala
2020.07.21 17:07:17 WARN  no build target for: /home/linhnguyen/Desktop/_learn_/spark_sql/src/main/scala/index2.scala
2020.07.21 17:08:31 WARN  no build target for: /home/linhnguyen/Desktop/_learn_/spark_sql/src/main/scala/index.scala
2020.07.21 17:08:52 WARN  no build target for: /home/linhnguyen/Desktop/_learn_/spark_sql/src/main/scala/index2.scala
2020.07.21 17:08:57 WARN  no build target for: /home/linhnguyen/Desktop/_learn_/spark_sql/src/main/scala/index.scala
2020.07.21 17:10:53 WARN  code navigation does not work for the file '/home/linhnguyen/Desktop/_learn_/spark_sql/src/main/scala/index2.scala' because it doesn't belong to a build target.
2020.07.21 17:10:53 WARN  no build target for: /home/linhnguyen/Desktop/_learn_/spark_sql/src/main/scala/index2.scala
2020.07.21 17:11:30 WARN  no build target for: /home/linhnguyen/Desktop/_learn_/spark_sql/src/main/scala/index2.scala
2020.07.21 17:14:39 INFO  shutting down Metals
2020.07.22 13:34:04 INFO  started: Metals version 0.9.2 in workspace '/home/linhnguyen/Desktop/_learn_/spark_sql' for client vscode.
2020.07.22 13:34:04 INFO  time: initialize in 0.72s
2020.07.22 13:34:06 INFO  no build target: using presentation compiler with only scala-library
2020.07.22 13:34:06 INFO  skipping build import with status 'Requested'
2020.07.22 13:34:09 WARN  no build target for: /home/linhnguyen/Desktop/_learn_/spark_sql/src/main/scala/index2.scala
Jul 22, 2020 1:34:09 PM org.eclipse.lsp4j.jsonrpc.RemoteEndpoint handleCancellation
WARNING: Unmatched cancel notification for request id 2
Jul 22, 2020 1:34:09 PM org.eclipse.lsp4j.jsonrpc.RemoteEndpoint handleCancellation
WARNING: Unmatched cancel notification for request id 5
Jul 22, 2020 1:34:09 PM org.eclipse.lsp4j.jsonrpc.RemoteEndpoint handleCancellation
WARNING: Unmatched cancel notification for request id 6
Jul 22, 2020 1:34:09 PM org.eclipse.lsp4j.jsonrpc.RemoteEndpoint handleCancellation
WARNING: Unmatched cancel notification for request id 8
Jul 22, 2020 1:34:09 PM org.eclipse.lsp4j.jsonrpc.RemoteEndpoint handleCancellation
WARNING: Unmatched cancel notification for request id 10
Jul 22, 2020 1:34:09 PM org.eclipse.lsp4j.jsonrpc.RemoteEndpoint handleCancellation
WARNING: Unmatched cancel notification for request id 11
Jul 22, 2020 1:34:09 PM org.eclipse.lsp4j.jsonrpc.RemoteEndpoint handleCancellation
WARNING: Unmatched cancel notification for request id 12
Jul 22, 2020 1:34:09 PM org.eclipse.lsp4j.jsonrpc.RemoteEndpoint handleCancellation
WARNING: Unmatched cancel notification for request id 13
Jul 22, 2020 1:34:09 PM org.eclipse.lsp4j.jsonrpc.RemoteEndpoint handleCancellation
WARNING: Unmatched cancel notification for request id 15
2020.07.22 13:34:39 WARN  no build target for: /home/linhnguyen/Desktop/_learn_/spark_sql/src/main/scala/index.scala
2020.07.22 13:34:43 WARN  no build target for: /home/linhnguyen/Desktop/_learn_/spark_sql/src/main/scala/index.scala
2020.07.22 13:42:15 WARN  no build target for: /home/linhnguyen/Desktop/_learn_/spark_sql/src/main/scala/index3.scala
2020.07.22 14:36:35 INFO  shutting down Metals
2020.07.22 15:28:06 INFO  started: Metals version 0.9.2 in workspace '/home/linhnguyen/Desktop/_learn_/spark_sql' for client vscode.
2020.07.22 15:28:07 INFO  time: initialize in 0.55s
2020.07.22 15:28:08 INFO  no build target: using presentation compiler with only scala-library
2020.07.22 15:28:08 INFO  skipping build import with status 'Requested'
2020.07.22 15:28:11 WARN  no build target for: /home/linhnguyen/Desktop/_learn_/spark_sql/src/main/scala/index.scala
2020.07.22 15:28:11 WARN  no build target for: /home/linhnguyen/Desktop/_learn_/spark_sql/src/main/scala/index2.scala
2020.07.22 15:31:06 WARN  no build target for: /home/linhnguyen/Desktop/_learn_/spark_sql/src/main/scala/index.scala
2020.07.22 15:31:08 WARN  no build target for: /home/linhnguyen/Desktop/_learn_/spark_sql/src/main/scala/index2.scala
2020.07.22 15:32:59 WARN  no build target for: /home/linhnguyen/Desktop/_learn_/spark_sql/src/main/scala/index2.scala
2020.07.22 15:35:07 WARN  no build target for: /home/linhnguyen/Desktop/_learn_/spark_sql/src/main/scala/index2.scala
2020.07.22 15:41:37 WARN  no build target for: /home/linhnguyen/Desktop/_learn_/spark_sql/src/main/scala/index2.scala
2020.07.22 15:41:40 WARN  code navigation does not work for the file '/home/linhnguyen/Desktop/_learn_/spark_sql/src/main/scala/index2.scala' because it doesn't belong to a build target.
2020.07.22 17:20:27 INFO  shutting down Metals
2020.07.23 15:18:33 INFO  started: Metals version 0.9.2 in workspace '/home/linhnguyen/Desktop/_learn_/spark_sql' for client vscode.
2020.07.23 15:18:34 INFO  time: initialize in 0.68s
2020.07.23 15:18:35 INFO  no build target: using presentation compiler with only scala-library
2020.07.23 15:18:35 INFO  skipping build import with status 'Requested'
2020.07.23 15:18:38 WARN  no build target for: /home/linhnguyen/Desktop/_learn_/spark_sql/src/main/scala/index2.scala
2020.07.23 15:18:38 WARN  no build target for: /home/linhnguyen/Desktop/_learn_/spark_sql/src/main/scala/index.scala
Jul 23, 2020 3:18:38 PM org.eclipse.lsp4j.jsonrpc.RemoteEndpoint handleCancellation
WARNING: Unmatched cancel notification for request id 2
Jul 23, 2020 3:18:38 PM org.eclipse.lsp4j.jsonrpc.RemoteEndpoint handleCancellation
WARNING: Unmatched cancel notification for request id 5
Jul 23, 2020 3:18:38 PM org.eclipse.lsp4j.jsonrpc.RemoteEndpoint handleCancellation
WARNING: Unmatched cancel notification for request id 6
Jul 23, 2020 3:18:38 PM org.eclipse.lsp4j.jsonrpc.RemoteEndpoint handleCancellation
WARNING: Unmatched cancel notification for request id 7
2020.07.23 16:14:19 INFO  shutting down Metals
