2020.07.11 16:12:34 INFO  started: Metals version 0.9.1 in workspace '/home/linhnguyen/Desktop/scala'
2020.07.11 16:12:35 INFO  time: initialize in 0.85s
2020.07.11 16:12:37 WARN  no build tool detected in workspace '/home/linhnguyen/Desktop/scala'. The most common cause for this problem is that the editor was opened in the wrong working directory, for example if you use sbt then the workspace directory should contain build.sbt. 
2020.07.11 16:12:37 INFO  no build target: using presentation compiler with only scala-library
2020.07.11 16:12:43 WARN  no build target for: /home/linhnguyen/Desktop/scala/index.scala
Jul 11, 2020 4:24:05 PM org.eclipse.lsp4j.jsonrpc.RemoteEndpoint handleCancellation
WARNING: Unmatched cancel notification for request id 88
something's wrong: no file:///home/linhnguyen/Desktop/scala/index.scala in Array[<error>]RangePosition(file:///home/linhnguyen/Desktop/scala/index.scala, 42, 42, 57)
something's wrong: no file:///home/linhnguyen/Desktop/scala/index.scala in Array[<error>]RangePosition(file:///home/linhnguyen/Desktop/scala/index.scala, 42, 42, 51)
something's wrong: no file:///home/linhnguyen/Desktop/scala/index.scala in Array[String]RangePosition(file:///home/linhnguyen/Desktop/scala/index.scala, 42, 42, 55)
something's wrong: no file:///home/linhnguyen/Desktop/scala/index.scala in Array[String]RangePosition(file:///home/linhnguyen/Desktop/scala/index.scala, 42, 42, 55)
something's wrong: no file:///home/linhnguyen/Desktop/scala/index.scala in Array[String]RangePosition(file:///home/linhnguyen/Desktop/scala/index.scala, 42, 42, 55)
2020.07.11 16:32:02 WARN  no build tool detected in workspace '/home/linhnguyen/Desktop/scala'. The most common cause for this problem is that the editor was opened in the wrong working directory, for example if you use sbt then the workspace directory should contain build.sbt. 
Jul 11, 2020 4:32:55 PM scala.meta.internal.pc.CompletionProvider expected$1
WARNING: String index out of range: -1
2020.07.11 16:32:56 WARN  no build target for: /home/linhnguyen/Desktop/scala/index.scala
2020.07.11 16:32:58 WARN  no build target for: /home/linhnguyen/Desktop/scala/index.scala
2020.07.11 16:33:07 WARN  no build target for: /home/linhnguyen/Desktop/scala/index.scala
2020.07.11 16:33:27 WARN  no build target for: /home/linhnguyen/Desktop/scala/index.scala
2020.07.11 16:33:40 WARN  no build target for: /home/linhnguyen/Desktop/scala/index.scala
2020.07.11 17:17:06 INFO  shutting down Metals
2020.07.11 21:45:35 INFO  started: Metals version 0.9.1 in workspace '/home/linhnguyen/Desktop/scala'
2020.07.11 21:45:36 INFO  time: initialize in 0.55s
2020.07.11 21:45:37 WARN  no build tool detected in workspace '/home/linhnguyen/Desktop/scala'. The most common cause for this problem is that the editor was opened in the wrong working directory, for example if you use sbt then the workspace directory should contain build.sbt. 
2020.07.11 21:45:37 INFO  no build target: using presentation compiler with only scala-library
2020.07.11 21:45:40 WARN  no build target for: /home/linhnguyen/Desktop/scala/index.scala
Jul 11, 2020 9:45:40 PM org.eclipse.lsp4j.jsonrpc.RemoteEndpoint handleCancellation
WARNING: Unmatched cancel notification for request id 2
Jul 11, 2020 9:45:40 PM org.eclipse.lsp4j.jsonrpc.RemoteEndpoint handleCancellation
WARNING: Unmatched cancel notification for request id 4
Jul 11, 2020 9:45:40 PM org.eclipse.lsp4j.jsonrpc.RemoteEndpoint handleCancellation
WARNING: Unmatched cancel notification for request id 8
Jul 11, 2020 9:45:40 PM org.eclipse.lsp4j.jsonrpc.RemoteEndpoint handleCancellation
WARNING: Unmatched cancel notification for request id 11
Jul 11, 2020 9:45:40 PM org.eclipse.lsp4j.jsonrpc.RemoteEndpoint handleCancellation
WARNING: Unmatched cancel notification for request id 13
Jul 11, 2020 9:45:40 PM org.eclipse.lsp4j.jsonrpc.RemoteEndpoint handleCancellation
WARNING: Unmatched cancel notification for request id 16
Jul 11, 2020 9:45:49 PM scala.meta.internal.pc.CompilerAccess retryWithCleanCompiler
INFO: compiler crashed due to an error in the Scala compiler, retrying with new compiler instance.
Jul 11, 2020 9:45:49 PM scala.meta.internal.pc.CompilerAccess handleError
SEVERE: null
java.lang.NullPointerException
	at scala.reflect.internal.Definitions$DefinitionsClass.isByNameParamType(Definitions.scala:417)
	at scala.reflect.internal.TreeInfo.isStableIdent(TreeInfo.scala:138)
	at scala.reflect.internal.TreeInfo.isStableIdentifier(TreeInfo.scala:113)
	at scala.reflect.internal.TreeInfo.isPath(TreeInfo.scala:102)
	at scala.reflect.internal.TreeInfo.admitsTypeSelection(TreeInfo.scala:156)
	at scala.tools.nsc.interactive.Global.stabilizedType(Global.scala:959)
	at scala.tools.nsc.interactive.Global.typedTreeAt(Global.scala:807)
	at scala.meta.internal.pc.SignatureHelpProvider.signatureHelp(SignatureHelpProvider.scala:23)

2020.07.11 21:45:56 WARN  no build tool detected in workspace '/home/linhnguyen/Desktop/scala'. The most common cause for this problem is that the editor was opened in the wrong working directory, for example if you use sbt then the workspace directory should contain build.sbt. 
2020.07.11 21:45:58 WARN  no build tool detected in workspace '/home/linhnguyen/Desktop/scala'. The most common cause for this problem is that the editor was opened in the wrong working directory, for example if you use sbt then the workspace directory should contain build.sbt. 
2020.07.11 21:45:58 WARN  no build tool detected in workspace '/home/linhnguyen/Desktop/scala'. The most common cause for this problem is that the editor was opened in the wrong working directory, for example if you use sbt then the workspace directory should contain build.sbt. 
2020.07.11 21:45:58 WARN  no build tool detected in workspace '/home/linhnguyen/Desktop/scala'. The most common cause for this problem is that the editor was opened in the wrong working directory, for example if you use sbt then the workspace directory should contain build.sbt. 
2020.07.11 21:45:58 WARN  no build target for: /home/linhnguyen/Desktop/scala/index.scala
Jul 11, 2020 9:46:09 PM scala.meta.internal.pc.CompilerAccess retryWithCleanCompiler
INFO: compiler crashed due to an error in the Scala compiler, retrying with new compiler instance.
Jul 11, 2020 9:46:09 PM scala.meta.internal.pc.CompilerAccess handleError
SEVERE: null
java.lang.NullPointerException
	at scala.reflect.internal.Definitions$DefinitionsClass.isByNameParamType(Definitions.scala:417)
	at scala.reflect.internal.TreeInfo.isStableIdent(TreeInfo.scala:138)
	at scala.reflect.internal.TreeInfo.isStableIdentifier(TreeInfo.scala:113)
	at scala.reflect.internal.TreeInfo.isPath(TreeInfo.scala:102)
	at scala.reflect.internal.TreeInfo.admitsTypeSelection(TreeInfo.scala:156)
	at scala.tools.nsc.interactive.Global.stabilizedType(Global.scala:959)
	at scala.tools.nsc.interactive.Global.typedTreeAt(Global.scala:807)
	at scala.meta.internal.pc.SignatureHelpProvider.signatureHelp(SignatureHelpProvider.scala:23)

2020.07.11 21:46:24 WARN  no build tool detected in workspace '/home/linhnguyen/Desktop/scala'. The most common cause for this problem is that the editor was opened in the wrong working directory, for example if you use sbt then the workspace directory should contain build.sbt. 
2020.07.11 21:46:24 WARN  no build tool detected in workspace '/home/linhnguyen/Desktop/scala'. The most common cause for this problem is that the editor was opened in the wrong working directory, for example if you use sbt then the workspace directory should contain build.sbt. 
2020.07.11 21:47:25 WARN  no build target for: /home/linhnguyen/Desktop/scala/index.scala
2020.07.11 21:49:04 WARN  no build tool detected in workspace '/home/linhnguyen/Desktop/scala'. The most common cause for this problem is that the editor was opened in the wrong working directory, for example if you use sbt then the workspace directory should contain build.sbt. 
2020.07.11 21:49:07 WARN  no build tool detected in workspace '/home/linhnguyen/Desktop/scala'. The most common cause for this problem is that the editor was opened in the wrong working directory, for example if you use sbt then the workspace directory should contain build.sbt. 
2020.07.11 21:49:09 WARN  no build tool detected in workspace '/home/linhnguyen/Desktop/scala'. The most common cause for this problem is that the editor was opened in the wrong working directory, for example if you use sbt then the workspace directory should contain build.sbt. 
Jul 11, 2020 9:49:42 PM org.eclipse.lsp4j.jsonrpc.services.GenericEndpoint notify
INFO: Unsupported notification method: $/setTraceNotification
2020.07.11 21:49:50 INFO  shutting down Metals
2020.07.11 21:50:04 INFO  started: Metals version 0.9.1 in workspace '/home/linhnguyen/Desktop/scala'
2020.07.11 21:50:04 INFO  time: initialize in 0.55s
2020.07.11 21:50:05 WARN  no build tool detected in workspace '/home/linhnguyen/Desktop/scala'. The most common cause for this problem is that the editor was opened in the wrong working directory, for example if you use sbt then the workspace directory should contain build.sbt. 
2020.07.11 21:50:05 INFO  no build target: using presentation compiler with only scala-library
2020.07.11 21:50:08 WARN  no build target for: /home/linhnguyen/Desktop/scala/index.scala
Jul 11, 2020 9:50:09 PM org.eclipse.lsp4j.jsonrpc.RemoteEndpoint handleCancellation
WARNING: Unmatched cancel notification for request id 3
Jul 11, 2020 9:50:09 PM org.eclipse.lsp4j.jsonrpc.RemoteEndpoint handleCancellation
WARNING: Unmatched cancel notification for request id 5
Jul 11, 2020 9:50:09 PM org.eclipse.lsp4j.jsonrpc.RemoteEndpoint handleCancellation
WARNING: Unmatched cancel notification for request id 9
Jul 11, 2020 9:50:09 PM org.eclipse.lsp4j.jsonrpc.RemoteEndpoint handleCancellation
WARNING: Unmatched cancel notification for request id 8
2020.07.11 21:50:34 WARN  no build target for: /home/linhnguyen/Desktop/scala/index.scala
2020.07.11 21:50:35 WARN  no build target for: /home/linhnguyen/Desktop/scala/index.scala
2020.07.11 21:50:53 WARN  no build target for: /home/linhnguyen/Desktop/scala/index.scala
2020.07.11 21:51:10 ERROR scalafmt: /home/linhnguyen/Desktop/scala/index.scala:16: error: = expected but \n found
    var numGuess
                ^
2020.07.11 21:51:10 WARN  no build target for: /home/linhnguyen/Desktop/scala/index.scala
2020.07.11 21:51:10 WARN  no build tool detected in workspace '/home/linhnguyen/Desktop/scala'. The most common cause for this problem is that the editor was opened in the wrong working directory, for example if you use sbt then the workspace directory should contain build.sbt. 
2020.07.11 21:51:36 WARN  no build target for: /home/linhnguyen/Desktop/scala/index.scala
2020.07.11 22:02:32 WARN  no build target for: /home/linhnguyen/Desktop/scala/index.scala
2020.07.11 22:02:52 WARN  no build target for: /home/linhnguyen/Desktop/scala/index.scala
2020.07.11 22:04:49 WARN  no build target for: /home/linhnguyen/Desktop/scala/index.scala
2020.07.11 22:05:01 WARN  no build target for: /home/linhnguyen/Desktop/scala/index.scala
2020.07.11 22:05:25 WARN  no build target for: /home/linhnguyen/Desktop/scala/index.scala
2020.07.11 22:05:39 WARN  no build target for: /home/linhnguyen/Desktop/scala/index.scala
2020.07.11 22:05:55 WARN  no build target for: /home/linhnguyen/Desktop/scala/index.scala
2020.07.11 22:06:23 WARN  no build target for: /home/linhnguyen/Desktop/scala/index.scala
2020.07.11 22:06:44 WARN  no build target for: /home/linhnguyen/Desktop/scala/index.scala
2020.07.11 22:07:18 WARN  no build target for: /home/linhnguyen/Desktop/scala/index.scala
2020.07.11 22:07:22 WARN  no build target for: /home/linhnguyen/Desktop/scala/index.scala
2020.07.11 22:07:36 WARN  no build target for: /home/linhnguyen/Desktop/scala/index.scala
2020.07.11 22:07:42 WARN  no build tool detected in workspace '/home/linhnguyen/Desktop/scala'. The most common cause for this problem is that the editor was opened in the wrong working directory, for example if you use sbt then the workspace directory should contain build.sbt. 
2020.07.11 22:07:42 WARN  no build target for: /home/linhnguyen/Desktop/scala/index.scala
2020.07.11 22:07:42 WARN  no build tool detected in workspace '/home/linhnguyen/Desktop/scala'. The most common cause for this problem is that the editor was opened in the wrong working directory, for example if you use sbt then the workspace directory should contain build.sbt. 
2020.07.11 22:07:45 WARN  no build target for: /home/linhnguyen/Desktop/scala/index.scala
2020.07.11 22:07:54 WARN  no build target for: /home/linhnguyen/Desktop/scala/index.scala
2020.07.11 22:07:56 WARN  no build target for: /home/linhnguyen/Desktop/scala/index.scala
2020.07.11 22:07:56 WARN  no build target for: /home/linhnguyen/Desktop/scala/index.scala
2020.07.11 22:07:59 WARN  no build target for: /home/linhnguyen/Desktop/scala/index.scala
2020.07.11 22:08:10 WARN  no build target for: /home/linhnguyen/Desktop/scala/index.scala
2020.07.11 22:09:23 ERROR scalafmt: /home/linhnguyen/Desktop/scala/index.scala:5: error: identifier expected but object found
object Scalatutorial {
^
2020.07.11 22:09:23 WARN  no build target for: /home/linhnguyen/Desktop/scala/index.scala
2020.07.11 22:10:06 WARN  no build target for: /home/linhnguyen/Desktop/scala/index.scala
2020.07.11 22:10:33 WARN  no build target for: /home/linhnguyen/Desktop/scala/index.scala
2020.07.11 22:36:49 WARN  no build target for: /home/linhnguyen/Desktop/scala/index.scala
2020.07.11 22:36:57 WARN  no build target for: /home/linhnguyen/Desktop/scala/index.scala
2020.07.11 22:37:01 WARN  no build target for: /home/linhnguyen/Desktop/scala/index.scala
2020.07.11 23:12:11 INFO  shutting down Metals
2020.07.13 09:31:10 INFO  started: Metals version 0.9.1 in workspace '/home/linhnguyen/Desktop/scala'
2020.07.13 09:31:11 INFO  time: initialize in 0.79s
2020.07.13 09:31:12 WARN  no build tool detected in workspace '/home/linhnguyen/Desktop/scala'. The most common cause for this problem is that the editor was opened in the wrong working directory, for example if you use sbt then the workspace directory should contain build.sbt. 
2020.07.13 09:31:12 INFO  no build target: using presentation compiler with only scala-library
2020.07.13 09:31:15 WARN  no build target for: /home/linhnguyen/Desktop/scala/index.scala
Jul 13, 2020 10:22:45 AM org.eclipse.lsp4j.jsonrpc.RemoteEndpoint handleCancellation
WARNING: Unmatched cancel notification for request id 75
something's wrong: no file:///home/linhnguyen/Desktop/scala/index.scala in Array[<error>]RangePosition(file:///home/linhnguyen/Desktop/scala/index.scala, 718, 718, 733)
something's wrong: no file:///home/linhnguyen/Desktop/scala/index.scala in Array[<error>]RangePosition(file:///home/linhnguyen/Desktop/scala/index.scala, 718, 718, 726)
something's wrong: no file:///home/linhnguyen/Desktop/scala/index.scala in Array[<error>]RangePosition(file:///home/linhnguyen/Desktop/scala/index.scala, 718, 718, 727)
something's wrong: no file:///home/linhnguyen/Desktop/scala/index.scala in Array[<error>]RangePosition(file:///home/linhnguyen/Desktop/scala/index.scala, 718, 718, 728)
something's wrong: no file:///home/linhnguyen/Desktop/scala/index.scala in Array[<error>]RangePosition(file:///home/linhnguyen/Desktop/scala/index.scala, 718, 718, 730)
something's wrong: no file:///home/linhnguyen/Desktop/scala/index.scala in Array[String]RangePosition(file:///home/linhnguyen/Desktop/scala/index.scala, 718, 718, 731)
something's wrong: no file:///home/linhnguyen/Desktop/scala/index.scala in Array[String]RangePosition(file:///home/linhnguyen/Desktop/scala/index.scala, 718, 718, 731)
something's wrong: no file:///home/linhnguyen/Desktop/scala/index.scala in Array[String]RangePosition(file:///home/linhnguyen/Desktop/scala/index.scala, 718, 718, 731)
Jul 13, 2020 10:23:09 AM org.eclipse.lsp4j.jsonrpc.RemoteEndpoint handleCancellation
WARNING: Unmatched cancel notification for request id 139
2020.07.13 10:23:51 WARN  no build target for: /home/linhnguyen/Desktop/scala/index.scala
2020.07.13 10:24:21 WARN  no build target for: /home/linhnguyen/Desktop/scala/index.scala
something's wrong: no file:///home/linhnguyen/Desktop/scala/index.scala in Array[String]RangePosition(file:///home/linhnguyen/Desktop/scala/index.scala, 755, 755, 768)
2020.07.13 10:24:46 WARN  no build target for: /home/linhnguyen/Desktop/scala/index.scala
2020.07.13 10:25:02 ERROR scalafmt: /home/linhnguyen/Desktop/scala/index.scala:12: error: illegal start of simple expression
    demoListOfArgs(["1", "2", "3"])
                   ^
2020.07.13 10:25:02 WARN  no build target for: /home/linhnguyen/Desktop/scala/index.scala
2020.07.13 10:25:06 WARN  no build tool detected in workspace '/home/linhnguyen/Desktop/scala'. The most common cause for this problem is that the editor was opened in the wrong working directory, for example if you use sbt then the workspace directory should contain build.sbt. 
2020.07.13 10:27:23 WARN  no build target for: /home/linhnguyen/Desktop/scala/index.scala
2020.07.13 10:27:37 WARN  no build target for: /home/linhnguyen/Desktop/scala/index.scala
2020.07.13 10:27:50 WARN  no build target for: /home/linhnguyen/Desktop/scala/index.scala
something's wrong: no file:///home/linhnguyen/Desktop/scala/index.scala in Array[String]RangePosition(file:///home/linhnguyen/Desktop/scala/index.scala, 761, 761, 774)
2020.07.13 10:27:59 WARN  no build tool detected in workspace '/home/linhnguyen/Desktop/scala'. The most common cause for this problem is that the editor was opened in the wrong working directory, for example if you use sbt then the workspace directory should contain build.sbt. 
2020.07.13 10:28:00 WARN  no build target for: /home/linhnguyen/Desktop/scala/index.scala
2020.07.13 11:28:18 WARN  no build target for: /home/linhnguyen/Desktop/scala/spark.scala
2020.07.13 11:28:19 WARN  no build target for: /home/linhnguyen/Desktop/scala/spark.scala
2020.07.13 11:28:45 WARN  no build tool detected in workspace '/home/linhnguyen/Desktop/scala'. The most common cause for this problem is that the editor was opened in the wrong working directory, for example if you use sbt then the workspace directory should contain build.sbt. 
2020.07.13 11:28:45 WARN  no build tool detected in workspace '/home/linhnguyen/Desktop/scala'. The most common cause for this problem is that the editor was opened in the wrong working directory, for example if you use sbt then the workspace directory should contain build.sbt. 
2020.07.13 11:28:47 WARN  no build target for: /home/linhnguyen/Desktop/scala/spark.scala
2020.07.13 13:28:48 INFO  running '/usr/lib/jvm/java-8-openjdk-amd64/bin/java -Djline.terminal=jline.UnsupportedTerminal -Dsbt.log.noformat=true -Dfile.encoding=UTF-8 -Dsbt.version=1.3.13 -jar /tmp/metals1919719292830895896/sbt-launch.jar -Dbloop.export-jar-classifiers=sources bloopInstall'
2020.07.13 13:28:48 ERROR [info] [launcher] getting org.scala-sbt sbt 1.3.13  (this may take some time)...
2020.07.13 13:30:13 INFO  running '/usr/lib/jvm/java-8-openjdk-amd64/bin/java -Djline.terminal=jline.UnsupportedTerminal -Dsbt.log.noformat=true -Dfile.encoding=UTF-8 -Dsbt.version=1.3.13 -jar /tmp/metals3666250064305851452/sbt-launch.jar -Dbloop.export-jar-classifiers=sources bloopInstall'
2020.07.13 13:30:14 ERROR [info] waiting for lock on /home/linhnguyen/.sbt/boot/sbt.boot.lock to be available...
2020.07.13 13:30:17 INFO  user cancelled sbt bloopInstall
2020.07.13 13:30:17 INFO  time: ran 'sbt bloopInstall' in 1m28s
2020.07.13 13:30:17 INFO  build tool exit: 143
2020.07.13 13:30:17 ERROR [info] [launcher] getting org.scala-sbt sbt 1.3.13  (this may take some time)...
2020.07.13 13:30:18 INFO  user cancelled sbt bloopInstall
2020.07.13 13:30:18 INFO  time: ran 'sbt bloopInstall' in 5.02s
2020.07.13 13:30:19 INFO  build tool exit: 143
2020.07.13 13:32:53 WARN  no build target for: /home/linhnguyen/Desktop/scala/SimpleApp.scala
2020.07.13 13:32:58 WARN  no build target for: /home/linhnguyen/Desktop/scala/src/main/scala/SimpleApp.scala
Jul 13, 2020 1:38:20 PM org.eclipse.lsp4j.jsonrpc.RemoteEndpoint handleNotification
WARNING: Notification threw an exception: {
  "jsonrpc": "2.0",
  "method": "workspace/didChangeWatchedFiles",
  "params": {
    "changes": [
      {
        "uri": "file:///home/linhnguyen/Desktop/scala/project/metals.sbt",
        "type": 3
      },
      {
        "uri": "file:///home/linhnguyen/Desktop/scala/project/build.properties",
        "type": 3
      }
    ]
  }
}
java.lang.RuntimeException: java.lang.reflect.InvocationTargetException
	at org.eclipse.lsp4j.jsonrpc.services.GenericEndpoint.lambda$null$0(GenericEndpoint.java:67)
	at org.eclipse.lsp4j.jsonrpc.services.GenericEndpoint.notify(GenericEndpoint.java:152)
	at org.eclipse.lsp4j.jsonrpc.RemoteEndpoint.handleNotification(RemoteEndpoint.java:220)
	at org.eclipse.lsp4j.jsonrpc.RemoteEndpoint.consume(RemoteEndpoint.java:187)
	at org.eclipse.lsp4j.jsonrpc.json.StreamMessageProducer.handleMessage(StreamMessageProducer.java:194)
	at org.eclipse.lsp4j.jsonrpc.json.StreamMessageProducer.listen(StreamMessageProducer.java:94)
	at org.eclipse.lsp4j.jsonrpc.json.ConcurrentMessageProcessor.run(ConcurrentMessageProcessor.java:113)
	at java.util.concurrent.Executors$RunnableAdapter.call(Executors.java:511)
	at java.util.concurrent.FutureTask.run(FutureTask.java:266)
	at java.util.concurrent.ThreadPoolExecutor.runWorker(ThreadPoolExecutor.java:1149)
	at java.util.concurrent.ThreadPoolExecutor$Worker.run(ThreadPoolExecutor.java:624)
	at java.lang.Thread.run(Thread.java:748)
Caused by: java.lang.reflect.InvocationTargetException
	at sun.reflect.NativeMethodAccessorImpl.invoke0(Native Method)
	at sun.reflect.NativeMethodAccessorImpl.invoke(NativeMethodAccessorImpl.java:62)
	at sun.reflect.DelegatingMethodAccessorImpl.invoke(DelegatingMethodAccessorImpl.java:43)
	at java.lang.reflect.Method.invoke(Method.java:498)
	at org.eclipse.lsp4j.jsonrpc.services.GenericEndpoint.lambda$null$0(GenericEndpoint.java:65)
	... 11 more
Caused by: java.nio.file.NoSuchFileException: /home/linhnguyen/Desktop/scala/project/metals.sbt
	at sun.nio.fs.UnixException.translateToIOException(UnixException.java:86)
	at sun.nio.fs.UnixException.rethrowAsIOException(UnixException.java:102)
	at sun.nio.fs.UnixException.rethrowAsIOException(UnixException.java:107)
	at sun.nio.fs.UnixFileSystemProvider.newByteChannel(UnixFileSystemProvider.java:214)
	at java.nio.file.Files.newByteChannel(Files.java:361)
	at java.nio.file.Files.newByteChannel(Files.java:407)
	at java.nio.file.Files.readAllBytes(Files.java:3152)
	at scala.meta.internal.io.PlatformFileIO$.slurp(PlatformFileIO.scala:45)
	at scala.meta.internal.io.FileIO$.slurp(FileIO.scala:24)
	at scala.meta.internal.metals.MetalsLanguageServer.$anonfun$onChange$1(MetalsLanguageServer.scala:1038)
	at scala.meta.internal.metals.MetalsLanguageServer.$anonfun$onChange$1$adapted(MetalsLanguageServer.scala:1037)
	at scala.collection.immutable.Stream.foreach(Stream.scala:533)
	at scala.meta.internal.metals.MetalsLanguageServer.onChange(MetalsLanguageServer.scala:1037)
	at scala.meta.internal.metals.MetalsLanguageServer.didChangeWatchedFiles(MetalsLanguageServer.scala:992)
	... 16 more

2020.07.13 15:16:10 WARN  no build target for: /home/linhnguyen/Desktop/scala/src/main/scala/RDD.scala
something's wrong: no file:///home/linhnguyen/Desktop/scala/src/main/scala/SimpleApp.scala in Array[String]RangePosition(file:///home/linhnguyen/Desktop/scala/src/main/scala/SimpleApp.scala, 78, 78, 91)
2020.07.13 15:21:03 WARN  no build target for: /home/linhnguyen/Desktop/scala/src/main/scala/RDD.scala
2020.07.13 15:21:12 WARN  no build target for: /home/linhnguyen/Desktop/scala/src/main/scala/RDD.scala
2020.07.13 15:24:41 WARN  code navigation does not work for the file '/home/linhnguyen/Desktop/scala/src/main/scala/RDD.scala' because it doesn't belong to a build target.
2020.07.13 15:25:02 WARN  code navigation does not work for the file '/home/linhnguyen/Desktop/scala/src/main/scala/RDD.scala' because it doesn't belong to a build target.
2020.07.13 15:25:02 WARN  no build target for: /home/linhnguyen/Desktop/scala/src/main/scala/RDD.scala
2020.07.13 15:25:09 WARN  no build target for: /home/linhnguyen/Desktop/scala/src/main/scala/RDD.scala
2020.07.13 15:25:09 WARN  code navigation does not work for the file '/home/linhnguyen/Desktop/scala/src/main/scala/RDD.scala' because it doesn't belong to a build target.
2020.07.13 15:25:44 WARN  no build target for: /home/linhnguyen/Desktop/scala/src/main/scala/RDD.scala
2020.07.13 15:25:53 WARN  no build target for: /home/linhnguyen/Desktop/scala/src/main/scala/RDD.scala
Jul 13, 2020 3:25:58 PM org.eclipse.lsp4j.jsonrpc.RemoteEndpoint handleCancellation
WARNING: Unmatched cancel notification for request id 1143
2020.07.13 15:25:58 WARN  code navigation does not work for the file '/home/linhnguyen/Desktop/scala/src/main/scala/RDD.scala' because it doesn't belong to a build target.
2020.07.13 15:25:58 WARN  no build target for: /home/linhnguyen/Desktop/scala/src/main/scala/RDD.scala
2020.07.13 15:25:58 WARN  code navigation does not work for the file '/home/linhnguyen/Desktop/scala/src/main/scala/RDD.scala' because it doesn't belong to a build target.
2020.07.13 17:42:36 INFO  shutting down Metals
2020.07.14 10:18:50 INFO  started: Metals version 0.9.1 in workspace '/home/linhnguyen/Desktop/scala'
2020.07.14 10:18:50 INFO  time: initialize in 0.67s
2020.07.14 10:18:51 INFO  no build target: using presentation compiler with only scala-library
2020.07.14 10:18:52 INFO  skipping build import with status 'Requested'
2020.07.14 10:18:55 WARN  no build target for: /home/linhnguyen/Desktop/scala/src/main/scala/RDD.scala
2020.07.14 11:30:41 INFO  shutting down Metals
2020.07.15 15:07:47 INFO  started: Metals version 0.9.1 in workspace '/home/linhnguyen/Desktop/scala'
2020.07.15 15:07:48 INFO  time: initialize in 0.95s
2020.07.15 15:07:50 INFO  skipping build import with status 'Requested'
2020.07.15 15:08:02 INFO  no build target: using presentation compiler with only scala-library
2020.07.15 15:08:03 WARN  no build target for: /home/linhnguyen/Desktop/scala/src/main/scala/getNum.scala
2020.07.15 15:08:07 WARN  no build target for: /home/linhnguyen/Desktop/scala/src/main/scala/getNum.scala
2020.07.15 15:08:10 WARN  no build target for: /home/linhnguyen/Desktop/scala/src/main/scala/getNum.scala
2020.07.15 15:08:55 WARN  no build target for: /home/linhnguyen/Desktop/scala/src/main/scala/GetNum.scala
2020.07.15 15:09:00 WARN  no build target for: /home/linhnguyen/Desktop/scala/src/main/scala/RDD.scala
2020.07.15 15:09:03 WARN  no build target for: /home/linhnguyen/Desktop/scala/src/main/scala/SimpleApp.scala
2020.07.15 15:09:16 WARN  code navigation does not work for the file '/home/linhnguyen/Desktop/scala/src/main/scala/SimpleApp.scala' because it doesn't belong to a build target.
2020.07.15 15:09:21 WARN  no build target for: /home/linhnguyen/Desktop/scala/src/main/scala/GetNum.scala
2020.07.15 15:10:35 WARN  no build target for: /home/linhnguyen/Desktop/scala/src/main/scala/GetNum.scala
2020.07.15 15:10:47 WARN  no build target for: /home/linhnguyen/Desktop/scala/src/main/scala/GetNum.scala
2020.07.15 15:10:48 WARN  no build target for: /home/linhnguyen/Desktop/scala/src/main/scala/GetNum.scala
2020.07.15 15:11:00 WARN  no build target for: /home/linhnguyen/Desktop/scala/src/main/scala/GetNum.scala
2020.07.15 15:11:02 WARN  no build target for: /home/linhnguyen/Desktop/scala/src/main/scala/GetNum.scala
2020.07.15 15:11:30 WARN  code navigation does not work for the file '/home/linhnguyen/Desktop/scala/src/main/scala/GetNum.scala' because it doesn't belong to a build target.
2020.07.15 15:11:31 WARN  code navigation does not work for the file '/home/linhnguyen/Desktop/scala/src/main/scala/GetNum.scala' because it doesn't belong to a build target.
2020.07.15 15:11:46 WARN  no build target for: /home/linhnguyen/Desktop/scala/index.scala
2020.07.15 15:11:53 WARN  no build target for: /home/linhnguyen/Desktop/scala/index.scala
2020.07.15 15:11:53 INFO  skipping build import with status 'Requested'
2020.07.15 15:11:53 WARN  code navigation does not work for the file '/home/linhnguyen/Desktop/scala/index.scala' because it doesn't belong to a build target.
Jul 15, 2020 3:11:54 PM scala.meta.internal.pc.CompilerAccess retryWithCleanCompiler
INFO: compiler crashed due to an error in the Scala compiler, retrying with new compiler instance.
2020.07.15 15:11:53 WARN  code navigation does not work for the file '/home/linhnguyen/Desktop/scala/index.scala' because it doesn't belong to a build target.
Jul 15, 2020 3:11:54 PM scala.meta.internal.pc.CompilerAccess handleError
SEVERE: no context found for source-file:///home/linhnguyen/Desktop/scala/index.scala,line-44,offset=1001
scala.reflect.internal.FatalError: no context found for source-file:///home/linhnguyen/Desktop/scala/index.scala,line-44,offset=1001
	at scala.tools.nsc.interactive.CompilerControl.$anonfun$doLocateContext$1(CompilerControl.scala:100)
	at scala.tools.nsc.interactive.CompilerControl.doLocateContext(CompilerControl.scala:100)
	at scala.tools.nsc.interactive.CompilerControl.doLocateContext$(CompilerControl.scala:99)
	at scala.tools.nsc.interactive.Global.doLocateContext(Global.scala:113)
	at scala.meta.internal.pc.PcDefinitionProvider.definitionTypedTreeAt(PcDefinitionProvider.scala:102)
	at scala.meta.internal.pc.PcDefinitionProvider.definition(PcDefinitionProvider.scala:24)

Jul 15, 2020 3:11:54 PM scala.meta.internal.pc.CompilerAccess retryWithCleanCompiler
INFO: compiler crashed due to an error in the Scala compiler, retrying with new compiler instance.
Jul 15, 2020 3:11:54 PM scala.meta.internal.pc.CompilerAccess handleError
SEVERE: no context found for source-file:///home/linhnguyen/Desktop/scala/index.scala,line-44,offset=1000
scala.reflect.internal.FatalError: no context found for source-file:///home/linhnguyen/Desktop/scala/index.scala,line-44,offset=1000
	at scala.tools.nsc.interactive.CompilerControl.$anonfun$doLocateContext$1(CompilerControl.scala:100)
	at scala.tools.nsc.interactive.CompilerControl.doLocateContext(CompilerControl.scala:100)
	at scala.tools.nsc.interactive.CompilerControl.doLocateContext$(CompilerControl.scala:99)
	at scala.tools.nsc.interactive.Global.doLocateContext(Global.scala:113)
	at scala.meta.internal.pc.PcDefinitionProvider.definitionTypedTreeAt(PcDefinitionProvider.scala:102)
	at scala.meta.internal.pc.PcDefinitionProvider.definition(PcDefinitionProvider.scala:24)

2020.07.15 15:12:09 WARN  no build target for: /home/linhnguyen/Desktop/scala/index.scala
2020.07.15 15:12:09 INFO  skipping build import with status 'Requested'
2020.07.15 15:12:09 WARN  code navigation does not work for the file '/home/linhnguyen/Desktop/scala/index.scala' because it doesn't belong to a build target.
2020.07.15 15:13:43 WARN  no build target for: /home/linhnguyen/Desktop/scala/index.scala
2020.07.15 15:13:43 INFO  skipping build import with status 'Requested'
2020.07.15 15:14:45 WARN  no build target for: /home/linhnguyen/Desktop/scala/index.scala
2020.07.15 15:14:45 INFO  skipping build import with status 'Requested'
2020.07.15 15:14:57 WARN  code navigation does not work for the file '/home/linhnguyen/Desktop/scala/index.scala' because it doesn't belong to a build target.
2020.07.15 15:17:42 WARN  no build target for: /home/linhnguyen/Desktop/scala/index.scala
2020.07.15 15:17:42 INFO  skipping build import with status 'Requested'
2020.07.15 15:17:49 WARN  code navigation does not work for the file '/home/linhnguyen/Desktop/scala/index.scala' because it doesn't belong to a build target.
2020.07.15 15:17:49 WARN  code navigation does not work for the file '/home/linhnguyen/Desktop/scala/index.scala' because it doesn't belong to a build target.
2020.07.15 15:17:49 WARN  code navigation does not work for the file '/home/linhnguyen/Desktop/scala/index.scala' because it doesn't belong to a build target.
2020.07.15 15:18:02 WARN  no build target for: /home/linhnguyen/Desktop/scala/index.scala
2020.07.15 15:18:02 INFO  skipping build import with status 'Requested'
2020.07.15 15:19:34 WARN  code navigation does not work for the file '/home/linhnguyen/Desktop/scala/index.scala' because it doesn't belong to a build target.
2020.07.15 15:20:07 WARN  no build target for: /home/linhnguyen/Desktop/scala/index.scala
2020.07.15 15:20:07 INFO  skipping build import with status 'Requested'
2020.07.15 15:20:16 WARN  code navigation does not work for the file '/home/linhnguyen/Desktop/scala/index.scala' because it doesn't belong to a build target.
2020.07.15 15:20:16 WARN  code navigation does not work for the file '/home/linhnguyen/Desktop/scala/index.scala' because it doesn't belong to a build target.
2020.07.15 15:20:28 WARN  no build target for: /home/linhnguyen/Desktop/scala/index.scala
2020.07.15 15:20:28 INFO  skipping build import with status 'Requested'
2020.07.15 15:20:42 WARN  no build target for: /home/linhnguyen/Desktop/scala/index.scala
2020.07.15 15:20:42 INFO  skipping build import with status 'Requested'
2020.07.15 15:20:51 WARN  no build target for: /home/linhnguyen/Desktop/scala/index.scala
2020.07.15 15:20:51 INFO  skipping build import with status 'Requested'
2020.07.15 15:22:54 WARN  code navigation does not work for the file '/home/linhnguyen/Desktop/scala/index.scala' because it doesn't belong to a build target.
2020.07.15 15:22:58 WARN  no build target for: /home/linhnguyen/Desktop/scala/index.scala
2020.07.15 15:22:58 INFO  skipping build import with status 'Requested'
2020.07.15 15:23:10 WARN  code navigation does not work for the file '/home/linhnguyen/Desktop/scala/index.scala' because it doesn't belong to a build target.
2020.07.15 15:23:10 WARN  code navigation does not work for the file '/home/linhnguyen/Desktop/scala/index.scala' because it doesn't belong to a build target.
2020.07.15 15:23:31 WARN  no build target for: /home/linhnguyen/Desktop/scala/index.scala
2020.07.15 15:23:31 INFO  skipping build import with status 'Requested'
2020.07.15 15:24:14 WARN  no build target for: /home/linhnguyen/Desktop/scala/index.scala
2020.07.15 15:24:15 INFO  skipping build import with status 'Requested'
2020.07.15 15:24:17 WARN  code navigation does not work for the file '/home/linhnguyen/Desktop/scala/index.scala' because it doesn't belong to a build target.
2020.07.15 15:24:17 WARN  no build target for: /home/linhnguyen/Desktop/scala/index.scala
2020.07.15 15:24:17 INFO  skipping build import with status 'Requested'
2020.07.15 15:24:38 WARN  no build target for: /home/linhnguyen/Desktop/scala/index.scala
2020.07.15 15:24:38 INFO  skipping build import with status 'Requested'
2020.07.15 15:24:47 WARN  code navigation does not work for the file '/home/linhnguyen/Desktop/scala/index.scala' because it doesn't belong to a build target.
2020.07.15 15:25:11 WARN  code navigation does not work for the file '/home/linhnguyen/Desktop/scala/index.scala' because it doesn't belong to a build target.
2020.07.15 15:25:13 WARN  no build target for: /home/linhnguyen/Desktop/scala/index.scala
2020.07.15 15:25:13 INFO  skipping build import with status 'Requested'
2020.07.15 15:25:24 WARN  code navigation does not work for the file '/home/linhnguyen/Desktop/scala/index.scala' because it doesn't belong to a build target.
2020.07.15 15:25:44 WARN  code navigation does not work for the file '/home/linhnguyen/Desktop/scala/index.scala' because it doesn't belong to a build target.
2020.07.15 15:25:55 WARN  no build target for: /home/linhnguyen/Desktop/scala/index.scala
2020.07.15 15:25:56 INFO  skipping build import with status 'Requested'
2020.07.15 15:26:09 WARN  no build target for: /home/linhnguyen/Desktop/scala/index.scala
2020.07.15 15:26:09 INFO  skipping build import with status 'Requested'
2020.07.15 15:27:12 WARN  no build target for: /home/linhnguyen/Desktop/scala/index.scala
2020.07.15 15:27:12 INFO  skipping build import with status 'Requested'
2020.07.15 15:27:27 WARN  no build target for: /home/linhnguyen/Desktop/scala/index.scala
2020.07.15 15:27:27 INFO  skipping build import with status 'Requested'
2020.07.15 15:27:39 WARN  no build target for: /home/linhnguyen/Desktop/scala/index.scala
2020.07.15 15:27:39 INFO  skipping build import with status 'Requested'
2020.07.15 15:27:42 WARN  code navigation does not work for the file '/home/linhnguyen/Desktop/scala/index.scala' because it doesn't belong to a build target.
2020.07.15 15:27:42 WARN  no build target for: /home/linhnguyen/Desktop/scala/index.scala
2020.07.15 15:27:42 INFO  skipping build import with status 'Requested'
2020.07.15 15:27:54 WARN  no build target for: /home/linhnguyen/Desktop/scala/index.scala
2020.07.15 15:27:54 INFO  skipping build import with status 'Requested'
2020.07.15 15:28:05 WARN  code navigation does not work for the file '/home/linhnguyen/Desktop/scala/index.scala' because it doesn't belong to a build target.
2020.07.15 15:28:15 WARN  code navigation does not work for the file '/home/linhnguyen/Desktop/scala/index.scala' because it doesn't belong to a build target.
2020.07.15 15:28:15 WARN  no build target for: /home/linhnguyen/Desktop/scala/index.scala
2020.07.15 15:28:16 INFO  skipping build import with status 'Requested'
2020.07.15 15:28:15 WARN  code navigation does not work for the file '/home/linhnguyen/Desktop/scala/index.scala' because it doesn't belong to a build target.
2020.07.15 15:28:54 WARN  code navigation does not work for the file '/home/linhnguyen/Desktop/scala/index.scala' because it doesn't belong to a build target.
2020.07.15 15:29:13 WARN  no build target for: /home/linhnguyen/Desktop/scala/index.scala
2020.07.15 15:29:13 INFO  skipping build import with status 'Requested'
2020.07.15 15:30:40 WARN  no build target for: /home/linhnguyen/Desktop/scala/index.scala
2020.07.15 15:30:40 WARN  code navigation does not work for the file '/home/linhnguyen/Desktop/scala/index.scala' because it doesn't belong to a build target.
2020.07.15 15:30:40 INFO  skipping build import with status 'Requested'
2020.07.15 15:30:40 WARN  code navigation does not work for the file '/home/linhnguyen/Desktop/scala/index.scala' because it doesn't belong to a build target.
2020.07.15 15:30:49 WARN  no build target for: /home/linhnguyen/Desktop/scala/index.scala
2020.07.15 15:30:49 INFO  skipping build import with status 'Requested'
2020.07.15 15:31:30 WARN  code navigation does not work for the file '/home/linhnguyen/Desktop/scala/index.scala' because it doesn't belong to a build target.
2020.07.15 15:31:36 WARN  no build target for: /home/linhnguyen/Desktop/scala/index.scala
2020.07.15 15:31:36 INFO  skipping build import with status 'Requested'
2020.07.15 15:31:41 WARN  code navigation does not work for the file '/home/linhnguyen/Desktop/scala/index.scala' because it doesn't belong to a build target.
2020.07.15 15:31:41 WARN  code navigation does not work for the file '/home/linhnguyen/Desktop/scala/index.scala' because it doesn't belong to a build target.
2020.07.15 15:31:46 WARN  no build target for: /home/linhnguyen/Desktop/scala/index.scala
2020.07.15 15:31:46 INFO  skipping build import with status 'Requested'
2020.07.15 15:31:48 WARN  code navigation does not work for the file '/home/linhnguyen/Desktop/scala/index.scala' because it doesn't belong to a build target.
2020.07.15 15:31:50 WARN  code navigation does not work for the file '/home/linhnguyen/Desktop/scala/index.scala' because it doesn't belong to a build target.
2020.07.15 15:31:50 WARN  code navigation does not work for the file '/home/linhnguyen/Desktop/scala/index.scala' because it doesn't belong to a build target.
2020.07.15 15:31:51 WARN  code navigation does not work for the file '/home/linhnguyen/Desktop/scala/index.scala' because it doesn't belong to a build target.
2020.07.15 15:31:51 WARN  no build target for: /home/linhnguyen/Desktop/scala/index.scala
2020.07.15 15:31:51 INFO  skipping build import with status 'Requested'
2020.07.15 15:32:02 WARN  no build target for: /home/linhnguyen/Desktop/scala/index.scala
2020.07.15 15:32:02 INFO  skipping build import with status 'Requested'
2020.07.15 15:32:02 WARN  no build target for: /home/linhnguyen/Desktop/scala/index.scala
2020.07.15 15:32:02 INFO  skipping build import with status 'Requested'
2020.07.15 15:33:26 WARN  no build target for: /home/linhnguyen/Desktop/scala/index.scala
2020.07.15 15:33:26 INFO  skipping build import with status 'Requested'
2020.07.15 15:33:34 WARN  code navigation does not work for the file '/home/linhnguyen/Desktop/scala/index.scala' because it doesn't belong to a build target.
2020.07.15 15:33:34 WARN  code navigation does not work for the file '/home/linhnguyen/Desktop/scala/index.scala' because it doesn't belong to a build target.
2020.07.15 15:34:07 WARN  no build target for: /home/linhnguyen/Desktop/scala/index.scala
2020.07.15 15:34:07 INFO  skipping build import with status 'Requested'
2020.07.15 15:34:17 WARN  code navigation does not work for the file '/home/linhnguyen/Desktop/scala/index.scala' because it doesn't belong to a build target.
2020.07.15 15:34:49 WARN  no build target for: /home/linhnguyen/Desktop/scala/index.scala
2020.07.15 15:34:49 INFO  skipping build import with status 'Requested'
2020.07.15 15:35:04 WARN  code navigation does not work for the file '/home/linhnguyen/Desktop/scala/index.scala' because it doesn't belong to a build target.
2020.07.15 15:35:04 WARN  no build target for: /home/linhnguyen/Desktop/scala/index.scala
2020.07.15 15:35:04 INFO  skipping build import with status 'Requested'
2020.07.15 15:35:17 WARN  code navigation does not work for the file '/home/linhnguyen/Desktop/scala/index.scala' because it doesn't belong to a build target.
2020.07.15 15:35:17 WARN  no build target for: /home/linhnguyen/Desktop/scala/index.scala
2020.07.15 15:35:17 INFO  skipping build import with status 'Requested'
2020.07.15 15:35:17 WARN  code navigation does not work for the file '/home/linhnguyen/Desktop/scala/index.scala' because it doesn't belong to a build target.
2020.07.15 15:35:20 WARN  code navigation does not work for the file '/home/linhnguyen/Desktop/scala/index.scala' because it doesn't belong to a build target.
2020.07.15 15:35:20 WARN  no build target for: /home/linhnguyen/Desktop/scala/index.scala
2020.07.15 15:35:20 INFO  skipping build import with status 'Requested'
2020.07.15 15:35:33 WARN  no build target for: /home/linhnguyen/Desktop/scala/index.scala
2020.07.15 15:35:33 INFO  skipping build import with status 'Requested'
2020.07.15 15:35:46 WARN  no build target for: /home/linhnguyen/Desktop/scala/index.scala
2020.07.15 15:35:46 INFO  skipping build import with status 'Requested'
2020.07.15 15:35:56 WARN  code navigation does not work for the file '/home/linhnguyen/Desktop/scala/index.scala' because it doesn't belong to a build target.
2020.07.15 15:35:56 WARN  code navigation does not work for the file '/home/linhnguyen/Desktop/scala/index.scala' because it doesn't belong to a build target.
2020.07.15 15:36:07 WARN  no build target for: /home/linhnguyen/Desktop/scala/index.scala
2020.07.15 15:36:07 INFO  skipping build import with status 'Requested'
2020.07.15 15:36:21 WARN  code navigation does not work for the file '/home/linhnguyen/Desktop/scala/index.scala' because it doesn't belong to a build target.
2020.07.15 15:36:21 WARN  code navigation does not work for the file '/home/linhnguyen/Desktop/scala/index.scala' because it doesn't belong to a build target.
2020.07.15 15:36:21 WARN  no build target for: /home/linhnguyen/Desktop/scala/index.scala
2020.07.15 15:36:22 INFO  skipping build import with status 'Requested'
2020.07.15 15:36:29 WARN  code navigation does not work for the file '/home/linhnguyen/Desktop/scala/index.scala' because it doesn't belong to a build target.
2020.07.15 15:36:29 WARN  code navigation does not work for the file '/home/linhnguyen/Desktop/scala/index.scala' because it doesn't belong to a build target.
2020.07.15 15:36:40 WARN  no build target for: /home/linhnguyen/Desktop/scala/index.scala
2020.07.15 15:36:40 INFO  skipping build import with status 'Requested'
2020.07.15 15:37:02 WARN  code navigation does not work for the file '/home/linhnguyen/Desktop/scala/index.scala' because it doesn't belong to a build target.
2020.07.15 15:37:04 WARN  code navigation does not work for the file '/home/linhnguyen/Desktop/scala/index.scala' because it doesn't belong to a build target.
2020.07.15 15:37:04 WARN  code navigation does not work for the file '/home/linhnguyen/Desktop/scala/index.scala' because it doesn't belong to a build target.
2020.07.15 15:37:17 WARN  no build target for: /home/linhnguyen/Desktop/scala/index.scala
2020.07.15 15:37:17 INFO  skipping build import with status 'Requested'
2020.07.15 15:37:22 WARN  code navigation does not work for the file '/home/linhnguyen/Desktop/scala/index.scala' because it doesn't belong to a build target.
2020.07.15 15:37:22 WARN  code navigation does not work for the file '/home/linhnguyen/Desktop/scala/index.scala' because it doesn't belong to a build target.
2020.07.15 15:37:38 WARN  code navigation does not work for the file '/home/linhnguyen/Desktop/scala/index.scala' because it doesn't belong to a build target.
2020.07.15 15:37:41 WARN  code navigation does not work for the file '/home/linhnguyen/Desktop/scala/index.scala' because it doesn't belong to a build target.
2020.07.15 15:37:41 WARN  code navigation does not work for the file '/home/linhnguyen/Desktop/scala/index.scala' because it doesn't belong to a build target.
2020.07.15 15:37:45 WARN  code navigation does not work for the file '/home/linhnguyen/Desktop/scala/index.scala' because it doesn't belong to a build target.
2020.07.15 15:37:49 WARN  code navigation does not work for the file '/home/linhnguyen/Desktop/scala/index.scala' because it doesn't belong to a build target.
2020.07.15 15:37:49 WARN  no build target for: /home/linhnguyen/Desktop/scala/index.scala
2020.07.15 15:37:49 INFO  skipping build import with status 'Requested'
2020.07.15 15:38:01 WARN  code navigation does not work for the file '/home/linhnguyen/Desktop/scala/index.scala' because it doesn't belong to a build target.
2020.07.15 15:38:22 WARN  code navigation does not work for the file '/home/linhnguyen/Desktop/scala/index.scala' because it doesn't belong to a build target.
2020.07.15 15:38:22 WARN  no build target for: /home/linhnguyen/Desktop/scala/index.scala
2020.07.15 15:38:23 INFO  skipping build import with status 'Requested'
2020.07.15 15:38:28 WARN  code navigation does not work for the file '/home/linhnguyen/Desktop/scala/index.scala' because it doesn't belong to a build target.
2020.07.15 15:38:36 WARN  code navigation does not work for the file '/home/linhnguyen/Desktop/scala/index.scala' because it doesn't belong to a build target.
2020.07.15 15:38:36 WARN  code navigation does not work for the file '/home/linhnguyen/Desktop/scala/index.scala' because it doesn't belong to a build target.
2020.07.15 15:38:36 WARN  no build target for: /home/linhnguyen/Desktop/scala/index.scala
2020.07.15 15:38:37 INFO  skipping build import with status 'Requested'
2020.07.15 15:38:43 WARN  code navigation does not work for the file '/home/linhnguyen/Desktop/scala/index.scala' because it doesn't belong to a build target.
2020.07.15 15:38:52 WARN  no build target for: /home/linhnguyen/Desktop/scala/index.scala
2020.07.15 15:38:52 INFO  skipping build import with status 'Requested'
2020.07.15 15:38:52 WARN  code navigation does not work for the file '/home/linhnguyen/Desktop/scala/index.scala' because it doesn't belong to a build target.
2020.07.15 15:38:56 WARN  code navigation does not work for the file '/home/linhnguyen/Desktop/scala/index.scala' because it doesn't belong to a build target.
2020.07.15 15:38:56 WARN  code navigation does not work for the file '/home/linhnguyen/Desktop/scala/index.scala' because it doesn't belong to a build target.
2020.07.15 15:39:16 WARN  no build target for: /home/linhnguyen/Desktop/scala/index.scala
2020.07.15 15:39:16 INFO  skipping build import with status 'Requested'
2020.07.15 15:39:20 WARN  code navigation does not work for the file '/home/linhnguyen/Desktop/scala/index.scala' because it doesn't belong to a build target.
2020.07.15 15:39:20 WARN  code navigation does not work for the file '/home/linhnguyen/Desktop/scala/index.scala' because it doesn't belong to a build target.
2020.07.15 15:39:29 WARN  no build target for: /home/linhnguyen/Desktop/scala/index.scala
2020.07.15 15:39:29 INFO  skipping build import with status 'Requested'
2020.07.15 15:39:35 WARN  code navigation does not work for the file '/home/linhnguyen/Desktop/scala/index.scala' because it doesn't belong to a build target.
2020.07.15 15:39:35 WARN  no build target for: /home/linhnguyen/Desktop/scala/index.scala
2020.07.15 15:39:35 INFO  skipping build import with status 'Requested'
2020.07.15 15:39:41 WARN  code navigation does not work for the file '/home/linhnguyen/Desktop/scala/index.scala' because it doesn't belong to a build target.
2020.07.15 15:39:41 WARN  code navigation does not work for the file '/home/linhnguyen/Desktop/scala/index.scala' because it doesn't belong to a build target.
2020.07.15 15:39:41 WARN  code navigation does not work for the file '/home/linhnguyen/Desktop/scala/index.scala' because it doesn't belong to a build target.
2020.07.15 15:39:47 WARN  code navigation does not work for the file '/home/linhnguyen/Desktop/scala/index.scala' because it doesn't belong to a build target.
2020.07.15 15:39:53 WARN  code navigation does not work for the file '/home/linhnguyen/Desktop/scala/index.scala' because it doesn't belong to a build target.
2020.07.15 15:39:54 WARN  code navigation does not work for the file '/home/linhnguyen/Desktop/scala/index.scala' because it doesn't belong to a build target.
2020.07.15 15:39:55 WARN  code navigation does not work for the file '/home/linhnguyen/Desktop/scala/index.scala' because it doesn't belong to a build target.
2020.07.15 15:40:07 WARN  no build target for: /home/linhnguyen/Desktop/scala/index.scala
2020.07.15 15:40:07 INFO  skipping build import with status 'Requested'
2020.07.15 15:40:14 WARN  code navigation does not work for the file '/home/linhnguyen/Desktop/scala/index.scala' because it doesn't belong to a build target.
2020.07.15 15:41:19 WARN  no build target for: /home/linhnguyen/Desktop/scala/index.scala
2020.07.15 15:41:19 INFO  skipping build import with status 'Requested'
2020.07.15 15:41:27 WARN  code navigation does not work for the file '/home/linhnguyen/Desktop/scala/index.scala' because it doesn't belong to a build target.
2020.07.15 15:41:28 WARN  code navigation does not work for the file '/home/linhnguyen/Desktop/scala/index.scala' because it doesn't belong to a build target.
2020.07.15 15:41:28 WARN  no build target for: /home/linhnguyen/Desktop/scala/index.scala
2020.07.15 15:41:29 INFO  skipping build import with status 'Requested'
2020.07.15 15:41:28 WARN  code navigation does not work for the file '/home/linhnguyen/Desktop/scala/index.scala' because it doesn't belong to a build target.
2020.07.15 15:41:33 WARN  code navigation does not work for the file '/home/linhnguyen/Desktop/scala/index.scala' because it doesn't belong to a build target.
2020.07.15 15:41:33 WARN  code navigation does not work for the file '/home/linhnguyen/Desktop/scala/index.scala' because it doesn't belong to a build target.
2020.07.15 15:41:33 WARN  code navigation does not work for the file '/home/linhnguyen/Desktop/scala/index.scala' because it doesn't belong to a build target.
2020.07.15 15:41:38 WARN  no build target for: /home/linhnguyen/Desktop/scala/index.scala
2020.07.15 15:41:38 INFO  skipping build import with status 'Requested'
2020.07.15 15:41:38 WARN  code navigation does not work for the file '/home/linhnguyen/Desktop/scala/index.scala' because it doesn't belong to a build target.
2020.07.15 15:41:54 WARN  no build target for: /home/linhnguyen/Desktop/scala/index.scala
2020.07.15 15:41:54 INFO  skipping build import with status 'Requested'
2020.07.15 15:42:04 WARN  no build target for: /home/linhnguyen/Desktop/scala/index.scala
2020.07.15 15:42:04 INFO  skipping build import with status 'Requested'
2020.07.15 15:42:18 WARN  no build target for: /home/linhnguyen/Desktop/scala/index.scala
2020.07.15 15:42:18 INFO  skipping build import with status 'Requested'
2020.07.15 15:42:18 WARN  code navigation does not work for the file '/home/linhnguyen/Desktop/scala/index.scala' because it doesn't belong to a build target.
2020.07.15 15:42:35 WARN  no build target for: /home/linhnguyen/Desktop/scala/index.scala
2020.07.15 15:42:35 INFO  skipping build import with status 'Requested'
2020.07.15 15:43:26 WARN  no build target for: /home/linhnguyen/Desktop/scala/index.scala
2020.07.15 15:43:26 INFO  skipping build import with status 'Requested'
2020.07.15 15:43:58 WARN  no build target for: /home/linhnguyen/Desktop/scala/index.scala
2020.07.15 15:43:58 INFO  skipping build import with status 'Requested'
2020.07.15 15:44:25 WARN  no build target for: /home/linhnguyen/Desktop/scala/index.scala
2020.07.15 15:44:25 INFO  skipping build import with status 'Requested'
2020.07.15 15:44:35 WARN  no build target for: /home/linhnguyen/Desktop/scala/index.scala
2020.07.15 15:44:36 INFO  skipping build import with status 'Requested'
2020.07.15 15:45:47 WARN  code navigation does not work for the file '/home/linhnguyen/Desktop/scala/index.scala' because it doesn't belong to a build target.
2020.07.15 15:45:47 WARN  no build target for: /home/linhnguyen/Desktop/scala/index.scala
2020.07.15 15:45:47 INFO  skipping build import with status 'Requested'
2020.07.15 15:47:04 WARN  no build target for: /home/linhnguyen/Desktop/scala/index.scala
2020.07.15 15:47:04 INFO  skipping build import with status 'Requested'
2020.07.15 15:47:49 WARN  no build target for: /home/linhnguyen/Desktop/scala/index.scala
2020.07.15 15:47:49 INFO  skipping build import with status 'Requested'
2020.07.15 15:47:51 WARN  no build target for: /home/linhnguyen/Desktop/scala/index.scala
2020.07.15 15:47:51 INFO  skipping build import with status 'Requested'
2020.07.15 15:47:59 ERROR scalafmt: /home/linhnguyen/Desktop/scala/index.scala:67: error: ) expected but } found
  }
  ^
2020.07.15 15:47:59 WARN  no build target for: /home/linhnguyen/Desktop/scala/index.scala
2020.07.15 15:47:59 INFO  skipping build import with status 'Requested'
2020.07.15 15:48:02 WARN  no build target for: /home/linhnguyen/Desktop/scala/index.scala
2020.07.15 15:48:02 INFO  skipping build import with status 'Requested'
2020.07.15 15:48:31 WARN  code navigation does not work for the file '/home/linhnguyen/Desktop/scala/index.scala' because it doesn't belong to a build target.
2020.07.15 15:48:31 WARN  code navigation does not work for the file '/home/linhnguyen/Desktop/scala/index.scala' because it doesn't belong to a build target.
2020.07.15 15:48:33 ERROR scalafmt: /home/linhnguyen/Desktop/scala/index.scala:60: error: ) expected but integer constant found
      println(result.mkString(",")0
                                  ^
2020.07.15 15:48:33 WARN  no build target for: /home/linhnguyen/Desktop/scala/index.scala
2020.07.15 15:48:33 INFO  skipping build import with status 'Requested'
2020.07.15 15:48:34 WARN  no build target for: /home/linhnguyen/Desktop/scala/index.scala
2020.07.15 15:48:34 INFO  skipping build import with status 'Requested'
2020.07.15 15:48:43 WARN  code navigation does not work for the file '/home/linhnguyen/Desktop/scala/index.scala' because it doesn't belong to a build target.
2020.07.15 15:48:55 WARN  no build target for: /home/linhnguyen/Desktop/scala/index.scala
2020.07.15 15:48:55 INFO  skipping build import with status 'Requested'
2020.07.15 15:49:21 WARN  no build target for: /home/linhnguyen/Desktop/scala/index.scala
2020.07.15 15:49:21 INFO  skipping build import with status 'Requested'
2020.07.15 15:49:31 WARN  no build target for: /home/linhnguyen/Desktop/scala/index.scala
2020.07.15 15:49:31 INFO  skipping build import with status 'Requested'
2020.07.15 15:49:49 WARN  no build target for: /home/linhnguyen/Desktop/scala/index.scala
2020.07.15 15:49:49 INFO  skipping build import with status 'Requested'
2020.07.15 15:49:52 WARN  no build target for: /home/linhnguyen/Desktop/scala/index.scala
2020.07.15 15:49:52 INFO  skipping build import with status 'Requested'
2020.07.15 15:49:52 WARN  code navigation does not work for the file '/home/linhnguyen/Desktop/scala/index.scala' because it doesn't belong to a build target.
2020.07.15 15:50:04 WARN  no build target for: /home/linhnguyen/Desktop/scala/index.scala
2020.07.15 15:50:04 INFO  skipping build import with status 'Requested'
2020.07.15 15:50:36 WARN  no build target for: /home/linhnguyen/Desktop/scala/index.scala
2020.07.15 15:50:36 INFO  skipping build import with status 'Requested'
2020.07.15 15:50:49 WARN  code navigation does not work for the file '/home/linhnguyen/Desktop/scala/index.scala' because it doesn't belong to a build target.
2020.07.15 15:50:49 WARN  no build target for: /home/linhnguyen/Desktop/scala/index.scala
2020.07.15 15:50:49 INFO  skipping build import with status 'Requested'
2020.07.15 15:54:46 WARN  code navigation does not work for the file '/home/linhnguyen/Desktop/scala/index.scala' because it doesn't belong to a build target.
2020.07.15 15:54:46 WARN  no build target for: /home/linhnguyen/Desktop/scala/index.scala
2020.07.15 15:54:46 INFO  skipping build import with status 'Requested'
2020.07.15 15:54:55 WARN  no build target for: /home/linhnguyen/Desktop/scala/index.scala
2020.07.15 15:54:55 INFO  skipping build import with status 'Requested'
2020.07.15 15:56:07 WARN  no build target for: /home/linhnguyen/Desktop/scala/index.scala
2020.07.15 15:56:07 INFO  skipping build import with status 'Requested'
2020.07.15 15:56:37 WARN  code navigation does not work for the file '/home/linhnguyen/Desktop/scala/index.scala' because it doesn't belong to a build target.
2020.07.15 15:56:53 WARN  no build target for: /home/linhnguyen/Desktop/scala/index.scala
2020.07.15 15:56:53 INFO  skipping build import with status 'Requested'
2020.07.15 15:59:50 WARN  no build target for: /home/linhnguyen/Desktop/scala/index.scala
2020.07.15 15:59:50 INFO  skipping build import with status 'Requested'
2020.07.15 15:59:50 WARN  no build target for: /home/linhnguyen/Desktop/scala/index.scala
2020.07.15 15:59:50 INFO  skipping build import with status 'Requested'
2020.07.15 16:00:29 WARN  no build target for: /home/linhnguyen/Desktop/scala/index.scala
2020.07.15 16:00:29 INFO  skipping build import with status 'Requested'
2020.07.15 16:00:36 WARN  code navigation does not work for the file '/home/linhnguyen/Desktop/scala/index.scala' because it doesn't belong to a build target.
2020.07.15 16:00:36 WARN  code navigation does not work for the file '/home/linhnguyen/Desktop/scala/index.scala' because it doesn't belong to a build target.
2020.07.15 16:00:47 WARN  no build target for: /home/linhnguyen/Desktop/scala/index.scala
2020.07.15 16:00:47 INFO  skipping build import with status 'Requested'
2020.07.15 16:01:32 WARN  no build target for: /home/linhnguyen/Desktop/scala/index.scala
2020.07.15 16:01:32 INFO  skipping build import with status 'Requested'
2020.07.15 16:01:36 WARN  code navigation does not work for the file '/home/linhnguyen/Desktop/scala/index.scala' because it doesn't belong to a build target.
2020.07.15 16:01:41 WARN  no build target for: /home/linhnguyen/Desktop/scala/index.scala
2020.07.15 16:01:41 INFO  skipping build import with status 'Requested'
2020.07.15 16:02:12 WARN  no build target for: /home/linhnguyen/Desktop/scala/index.scala
2020.07.15 16:02:12 INFO  skipping build import with status 'Requested'
2020.07.15 16:02:14 WARN  no build target for: /home/linhnguyen/Desktop/scala/index.scala
2020.07.15 16:02:14 INFO  skipping build import with status 'Requested'
2020.07.15 16:03:32 WARN  no build target for: /home/linhnguyen/Desktop/scala/index.scala
2020.07.15 16:03:32 INFO  skipping build import with status 'Requested'
2020.07.15 16:05:29 WARN  no build target for: /home/linhnguyen/Desktop/scala/index.scala
2020.07.15 16:05:29 INFO  skipping build import with status 'Requested'
2020.07.15 16:05:39 WARN  no build target for: /home/linhnguyen/Desktop/scala/index.scala
2020.07.15 16:05:39 INFO  skipping build import with status 'Requested'
2020.07.15 16:06:21 WARN  no build target for: /home/linhnguyen/Desktop/scala/index.scala
2020.07.15 16:06:21 INFO  skipping build import with status 'Requested'
2020.07.15 16:06:28 WARN  no build target for: /home/linhnguyen/Desktop/scala/index.scala
2020.07.15 16:06:28 INFO  skipping build import with status 'Requested'
2020.07.15 16:06:30 ERROR scalafmt: /home/linhnguyen/Desktop/scala/index.scala:67: error: unclosed string literal
    println((pattern findAllIn string).mkString("))
                                                ^
2020.07.15 16:06:30 WARN  no build target for: /home/linhnguyen/Desktop/scala/index.scala
2020.07.15 16:06:30 INFO  skipping build import with status 'Requested'
2020.07.15 16:06:30 WARN  no build target for: /home/linhnguyen/Desktop/scala/index.scala
2020.07.15 16:06:31 INFO  skipping build import with status 'Requested'
2020.07.15 16:06:37 ERROR scalafmt: /home/linhnguyen/Desktop/scala/index.scala:69: error: ) expected but } found
  }
  ^
2020.07.15 16:06:37 WARN  no build target for: /home/linhnguyen/Desktop/scala/index.scala
2020.07.15 16:06:37 INFO  skipping build import with status 'Requested'
2020.07.15 16:06:39 WARN  no build target for: /home/linhnguyen/Desktop/scala/index.scala
2020.07.15 16:06:39 INFO  skipping build import with status 'Requested'
2020.07.15 16:06:54 WARN  no build target for: /home/linhnguyen/Desktop/scala/index.scala
2020.07.15 16:06:54 INFO  skipping build import with status 'Requested'
2020.07.15 16:06:58 WARN  no build target for: /home/linhnguyen/Desktop/scala/index.scala
2020.07.15 16:06:58 INFO  skipping build import with status 'Requested'
2020.07.15 16:07:14 WARN  code navigation does not work for the file '/home/linhnguyen/Desktop/scala/index.scala' because it doesn't belong to a build target.
2020.07.15 16:07:14 WARN  no build target for: /home/linhnguyen/Desktop/scala/index.scala
2020.07.15 16:07:14 INFO  skipping build import with status 'Requested'
2020.07.15 16:07:27 WARN  no build target for: /home/linhnguyen/Desktop/scala/index.scala
2020.07.15 16:07:27 INFO  skipping build import with status 'Requested'
2020.07.15 16:07:27 WARN  code navigation does not work for the file '/home/linhnguyen/Desktop/scala/index.scala' because it doesn't belong to a build target.
2020.07.15 16:07:44 WARN  no build target for: /home/linhnguyen/Desktop/scala/index.scala
2020.07.15 16:07:44 INFO  skipping build import with status 'Requested'
2020.07.15 16:08:12 WARN  no build target for: /home/linhnguyen/Desktop/scala/index.scala
2020.07.15 16:08:12 INFO  skipping build import with status 'Requested'
2020.07.15 16:08:21 WARN  no build target for: /home/linhnguyen/Desktop/scala/index.scala
2020.07.15 16:08:21 INFO  skipping build import with status 'Requested'
2020.07.15 16:08:23 WARN  code navigation does not work for the file '/home/linhnguyen/Desktop/scala/index.scala' because it doesn't belong to a build target.
2020.07.15 16:08:28 WARN  no build target for: /home/linhnguyen/Desktop/scala/index.scala
2020.07.15 16:08:28 INFO  skipping build import with status 'Requested'
2020.07.15 16:08:43 WARN  code navigation does not work for the file '/home/linhnguyen/Desktop/scala/index.scala' because it doesn't belong to a build target.
2020.07.15 16:08:43 WARN  code navigation does not work for the file '/home/linhnguyen/Desktop/scala/index.scala' because it doesn't belong to a build target.
2020.07.15 16:08:43 WARN  code navigation does not work for the file '/home/linhnguyen/Desktop/scala/index.scala' because it doesn't belong to a build target.
2020.07.15 16:08:46 WARN  no build target for: /home/linhnguyen/Desktop/scala/index.scala
2020.07.15 16:08:46 INFO  skipping build import with status 'Requested'
2020.07.15 16:08:50 WARN  no build target for: /home/linhnguyen/Desktop/scala/index.scala
2020.07.15 16:08:50 INFO  skipping build import with status 'Requested'
2020.07.15 16:08:56 WARN  no build target for: /home/linhnguyen/Desktop/scala/index.scala
2020.07.15 16:08:56 INFO  skipping build import with status 'Requested'
2020.07.15 16:10:38 WARN  no build target for: /home/linhnguyen/Desktop/scala/index.scala
2020.07.15 16:10:38 INFO  skipping build import with status 'Requested'
2020.07.15 16:10:46 WARN  no build target for: /home/linhnguyen/Desktop/scala/index.scala
2020.07.15 16:10:46 INFO  skipping build import with status 'Requested'
2020.07.15 16:10:56 WARN  code navigation does not work for the file '/home/linhnguyen/Desktop/scala/index.scala' because it doesn't belong to a build target.
2020.07.15 16:11:14 WARN  no build target for: /home/linhnguyen/Desktop/scala/index.scala
2020.07.15 16:11:14 INFO  skipping build import with status 'Requested'
2020.07.15 16:11:23 WARN  code navigation does not work for the file '/home/linhnguyen/Desktop/scala/index.scala' because it doesn't belong to a build target.
2020.07.15 16:11:28 WARN  no build target for: /home/linhnguyen/Desktop/scala/index.scala
2020.07.15 16:11:28 INFO  skipping build import with status 'Requested'
2020.07.15 16:11:38 WARN  code navigation does not work for the file '/home/linhnguyen/Desktop/scala/index.scala' because it doesn't belong to a build target.
2020.07.15 16:11:49 WARN  no build target for: /home/linhnguyen/Desktop/scala/index.scala
2020.07.15 16:11:49 INFO  skipping build import with status 'Requested'
2020.07.15 16:11:59 WARN  no build target for: /home/linhnguyen/Desktop/scala/index.scala
2020.07.15 16:11:59 INFO  skipping build import with status 'Requested'
2020.07.15 16:12:16 WARN  no build target for: /home/linhnguyen/Desktop/scala/index.scala
2020.07.15 16:12:16 INFO  skipping build import with status 'Requested'
2020.07.15 16:12:29 WARN  no build target for: /home/linhnguyen/Desktop/scala/index.scala
2020.07.15 16:12:29 INFO  skipping build import with status 'Requested'
2020.07.15 16:19:15 WARN  no build target for: /home/linhnguyen/Desktop/scala/index.scala
2020.07.15 16:19:20 WARN  code navigation does not work for the file '/home/linhnguyen/Desktop/scala/index.scala' because it doesn't belong to a build target.
2020.07.15 16:19:27 INFO  skipping build import with status 'Requested'
2020.07.15 16:19:30 WARN  no build target for: /home/linhnguyen/Desktop/scala/index.scala
2020.07.15 16:19:30 INFO  skipping build import with status 'Requested'
2020.07.15 16:50:19 WARN  no build target for: /home/linhnguyen/Desktop/scala/index.scala
2020.07.15 16:50:19 INFO  skipping build import with status 'Requested'
2020.07.15 17:18:01 INFO  shutting down Metals
2020.07.16 14:33:14 INFO  started: Metals version 0.9.2 in workspace '/home/linhnguyen/Desktop/scala' for client vscode.
2020.07.16 14:33:15 INFO  time: initialize in 0.82s
2020.07.16 14:33:16 INFO  no build target: using presentation compiler with only scala-library
2020.07.16 14:33:17 INFO  skipping build import with status 'Requested'
2020.07.16 14:33:23 WARN  no build target for: /home/linhnguyen/Desktop/scala/src/main/scala/GetNum.scala
2020.07.16 14:33:23 WARN  no build target for: /home/linhnguyen/Desktop/scala/src/main/scala/RDD.scala
Jul 16, 2020 2:33:23 PM org.eclipse.lsp4j.jsonrpc.RemoteEndpoint handleCancellation
WARNING: Unmatched cancel notification for request id 4
Jul 16, 2020 2:33:23 PM org.eclipse.lsp4j.jsonrpc.RemoteEndpoint handleCancellation
WARNING: Unmatched cancel notification for request id 7
2020.07.16 14:33:23 WARN  no build target for: /home/linhnguyen/Desktop/scala/src/main/scala/SimpleApp.scala
Jul 16, 2020 2:33:23 PM org.eclipse.lsp4j.jsonrpc.RemoteEndpoint handleCancellation
WARNING: Unmatched cancel notification for request id 8
Jul 16, 2020 2:33:23 PM org.eclipse.lsp4j.jsonrpc.RemoteEndpoint handleCancellation
WARNING: Unmatched cancel notification for request id 11
2020.07.16 14:33:23 WARN  no build target for: /home/linhnguyen/Desktop/scala/src/main/scala/RDD.scala
Jul 16, 2020 2:33:23 PM org.eclipse.lsp4j.jsonrpc.RemoteEndpoint handleCancellation
WARNING: Unmatched cancel notification for request id 13
Jul 16, 2020 2:33:23 PM org.eclipse.lsp4j.jsonrpc.RemoteEndpoint handleCancellation
WARNING: Unmatched cancel notification for request id 16
2020.07.16 14:33:23 WARN  no build target for: /home/linhnguyen/Desktop/scala/src/main/scala/SimpleApp.scala
Jul 16, 2020 2:33:23 PM org.eclipse.lsp4j.jsonrpc.RemoteEndpoint handleCancellation
WARNING: Unmatched cancel notification for request id 17
2020.07.16 14:33:27 WARN  no build target for: /home/linhnguyen/Desktop/scala/src/main/scala/RDD.scala
2020.07.16 14:33:33 WARN  no build target for: /home/linhnguyen/Desktop/scala/src/main/scala/SimpleApp.scala
2020.07.16 14:35:48 WARN  no build target for: /home/linhnguyen/Desktop/scala/src/main/scala/SimpleApp.scala
2020.07.16 14:36:01 WARN  no build target for: /home/linhnguyen/Desktop/scala/src/main/scala/SimpleApp.scala
2020.07.16 14:43:38 WARN  no build target for: /home/linhnguyen/Desktop/scala/src/main/scala/SimpleApp.scala
2020.07.16 14:43:44 WARN  no build target for: /home/linhnguyen/Desktop/scala/src/main/scala/SimpleApp.scala
something's wrong: no file:///home/linhnguyen/Desktop/scala/src/main/scala/SimpleApp.scala in Array[String]RangePosition(file:///home/linhnguyen/Desktop/scala/src/main/scala/SimpleApp.scala, 78, 78, 91)
2020.07.16 14:44:16 WARN  no build target for: /home/linhnguyen/Desktop/scala/src/main/scala/SimpleApp.scala
2020.07.16 14:47:10 WARN  no build target for: /home/linhnguyen/Desktop/scala/src/main/scala/SimpleApp.scala
2020.07.16 14:48:37 WARN  no build target for: /home/linhnguyen/Desktop/scala/index.scala
2020.07.16 14:48:39 WARN  no build target for: /home/linhnguyen/Desktop/scala/index.scala
2020.07.16 14:48:42 INFO  skipping build import with status 'Requested'
2020.07.16 14:49:07 WARN  no build target for: /home/linhnguyen/Desktop/scala/src/main/scala/SimpleApp.scala
2020.07.16 14:49:07 WARN  no build target for: /home/linhnguyen/Desktop/scala/src/main/scala/SimpleApp.scala
2020.07.16 14:50:04 WARN  no build target for: /home/linhnguyen/Desktop/scala/src/main/scala/SimpleApp.scala
2020.07.16 14:50:10 WARN  no build target for: /home/linhnguyen/Desktop/scala/src/main/scala/SimpleApp.scala
2020.07.16 14:51:00 INFO  running '/usr/lib/jvm/java-8-openjdk-amd64/bin/java -Djline.terminal=jline.UnsupportedTerminal -Dsbt.log.noformat=true -Dfile.encoding=UTF-8 -jar /tmp/metals7925350460701985321/sbt-launch.jar -Dbloop.export-jar-classifiers=sources bloopInstall'
2020.07.16 14:51:07 INFO  [info] welcome to sbt 1.3.13 (Private Build Java 1.8.0_252)
2020.07.16 14:51:14 INFO  [info] loading settings for project scala-build from metals.sbt ...
2020.07.16 14:51:15 INFO  [info] loading project definition from /home/linhnguyen/Desktop/scala/project
2020.07.16 14:51:20 INFO  [warn] There may be incompatibilities among your library dependencies; run 'evicted' to see detailed eviction warnings.
2020.07.16 14:51:26 INFO  [info] loading settings for project scala from build.sbt ...
2020.07.16 14:51:26 INFO  [info] set current project to Simple Project (in build file:/home/linhnguyen/Desktop/scala/)
2020.07.16 14:51:39 INFO  user cancelled sbt bloopInstall
2020.07.16 14:51:39 INFO  time: ran 'sbt bloopInstall' in 39s
2020.07.16 14:51:39 INFO  skipping build import with status 'Started'
2020.07.16 14:51:39 INFO  2020-07-16 14:51:39,373 shutdown-hooks-run-all ERROR No Log4j 2 configuration file found. Using default configuration (logging only errors to the console), or user programmatically provided configurations. Set system property 'log4j2.debug' to show Log4j 2 internal initialization logging. See https://logging.apache.org/log4j/2.x/manual/configuration.html for instructions on how to configure Log4j 2
2020.07.16 14:51:39 INFO  build tool exit: 143
2020.07.16 14:52:25 WARN  no build target for: /home/linhnguyen/Desktop/scala/src/main/scala/SimpleApp.scala
2020.07.16 14:57:13 WARN  no build target for: /home/linhnguyen/Desktop/scala/src/main/scala/SimpleApp.scala
2020.07.16 15:29:41 WARN  no build target for: /home/linhnguyen/Desktop/scala/src/main/scala/SimpleApp.scala
2020.07.16 15:40:47 WARN  code navigation does not work for the file '/home/linhnguyen/Desktop/scala/src/main/scala/SimpleApp.scala' because it doesn't belong to a build target.
2020.07.16 16:24:18 WARN  no build target for: /home/linhnguyen/Desktop/scala/src/main/scala/DStream.scala
2020.07.16 16:24:36 WARN  no build target for: /home/linhnguyen/Desktop/scala/src/main/scala/DStream.scala
something's wrong: no file:///home/linhnguyen/Desktop/scala/src/main/scala/DStream.scala in Array[<error>]RangePosition(file:///home/linhnguyen/Desktop/scala/src/main/scala/DStream.scala, 103, 103, 118)
something's wrong: no file:///home/linhnguyen/Desktop/scala/src/main/scala/DStream.scala in Array[<error>]RangePosition(file:///home/linhnguyen/Desktop/scala/src/main/scala/DStream.scala, 103, 103, 111)
something's wrong: no file:///home/linhnguyen/Desktop/scala/src/main/scala/DStream.scala in Array[<error>]RangePosition(file:///home/linhnguyen/Desktop/scala/src/main/scala/DStream.scala, 103, 103, 112)
something's wrong: no file:///home/linhnguyen/Desktop/scala/src/main/scala/DStream.scala in Array[<error>]RangePosition(file:///home/linhnguyen/Desktop/scala/src/main/scala/DStream.scala, 103, 103, 115)
something's wrong: no file:///home/linhnguyen/Desktop/scala/src/main/scala/DStream.scala in Array[String]RangePosition(file:///home/linhnguyen/Desktop/scala/src/main/scala/DStream.scala, 103, 103, 116)
something's wrong: no file:///home/linhnguyen/Desktop/scala/src/main/scala/DStream.scala in Array[String]RangePosition(file:///home/linhnguyen/Desktop/scala/src/main/scala/DStream.scala, 103, 103, 116)
something's wrong: no file:///home/linhnguyen/Desktop/scala/src/main/scala/DStream.scala in Array[String]RangePosition(file:///home/linhnguyen/Desktop/scala/src/main/scala/DStream.scala, 103, 103, 116)
2020.07.16 16:26:34 WARN  no build target for: /home/linhnguyen/Desktop/scala/src/main/scala/DStream.scala
2020.07.16 16:26:42 WARN  no build target for: /home/linhnguyen/Desktop/scala/src/main/scala/DStream.scala
2020.07.16 16:29:21 WARN  no build target for: /home/linhnguyen/Desktop/scala/src/main/scala/DStream.scala
2020.07.16 16:29:24 WARN  no build target for: /home/linhnguyen/Desktop/scala/src/main/scala/DStream.scala
2020.07.16 17:27:54 INFO  shutting down Metals
