2020.07.24 10:39:14 INFO  started: Metals version 0.9.2 in workspace '/home/linhnguyen/Desktop/_learn_/kafka+spark' for client vscode.
2020.07.24 10:39:17 INFO  time: initialize in 2.38s
2020.07.24 10:39:18 INFO  no build target: using presentation compiler with only scala-library
2020.07.24 10:39:24 WARN  no build target for: /home/linhnguyen/Desktop/_learn_/kafka+spark/src/main/scala/index.scala
2020.07.24 10:43:09 WARN  code navigation does not work for the file '/home/linhnguyen/Desktop/_learn_/kafka+spark/src/main/scala/index.scala' because it doesn't belong to a build target.
2020.07.24 10:43:11 WARN  no build target for: /home/linhnguyen/Desktop/_learn_/kafka+spark/src/main/scala/index.scala
2020.07.24 10:46:00 WARN  code navigation does not work for the file '/home/linhnguyen/Desktop/_learn_/kafka+spark/src/main/scala/index.scala' because it doesn't belong to a build target.
2020.07.24 10:46:01 WARN  no build target for: /home/linhnguyen/Desktop/_learn_/kafka+spark/src/main/scala/index.scala
Jul 24, 2020 10:57:24 AM org.eclipse.lsp4j.jsonrpc.RemoteEndpoint handleNotification
WARNING: Notification threw an exception: {
  "jsonrpc": "2.0",
  "method": "workspace/didChangeWatchedFiles",
  "params": {
    "changes": [
      {
        "uri": "file:///home/linhnguyen/Desktop/_learn_/kafka%2Bspark/project/assembly.sbt",
        "type": 1
      },
      {
        "uri": "file:///home/linhnguyen/Desktop/_learn_/kafka%2Bspark/project/plugins.sbt",
        "type": 3
      }
    ]
  }
}
java.lang.RuntimeException: java.lang.reflect.InvocationTargetException
	at org.eclipse.lsp4j.jsonrpc.services.GenericEndpoint.lambda$null$0(GenericEndpoint.java:67)
	at org.eclipse.lsp4j.jsonrpc.services.GenericEndpoint.notify(GenericEndpoint.java:152)
	at org.eclipse.lsp4j.jsonrpc.RemoteEndpoint.handleNotification(RemoteEndpoint.java:220)
	at org.eclipse.lsp4j.jsonrpc.RemoteEndpoint.consume(RemoteEndpoint.java:187)
	at org.eclipse.lsp4j.jsonrpc.json.StreamMessageProducer.handleMessage(StreamMessageProducer.java:194)
	at org.eclipse.lsp4j.jsonrpc.json.StreamMessageProducer.listen(StreamMessageProducer.java:94)
	at org.eclipse.lsp4j.jsonrpc.json.ConcurrentMessageProcessor.run(ConcurrentMessageProcessor.java:113)
	at java.base/java.util.concurrent.Executors$RunnableAdapter.call(Executors.java:515)
	at java.base/java.util.concurrent.FutureTask.run(FutureTask.java:264)
	at java.base/java.util.concurrent.ThreadPoolExecutor.runWorker(ThreadPoolExecutor.java:1128)
	at java.base/java.util.concurrent.ThreadPoolExecutor$Worker.run(ThreadPoolExecutor.java:628)
	at java.base/java.lang.Thread.run(Thread.java:834)
Caused by: java.lang.reflect.InvocationTargetException
	at java.base/jdk.internal.reflect.NativeMethodAccessorImpl.invoke0(Native Method)
	at java.base/jdk.internal.reflect.NativeMethodAccessorImpl.invoke(NativeMethodAccessorImpl.java:62)
	at java.base/jdk.internal.reflect.DelegatingMethodAccessorImpl.invoke(DelegatingMethodAccessorImpl.java:43)
	at java.base/java.lang.reflect.Method.invoke(Method.java:566)
	at org.eclipse.lsp4j.jsonrpc.services.GenericEndpoint.lambda$null$0(GenericEndpoint.java:65)
	... 11 more
Caused by: java.nio.file.NoSuchFileException: /home/linhnguyen/Desktop/_learn_/kafka+spark/project/plugins.sbt
	at java.base/sun.nio.fs.UnixException.translateToIOException(UnixException.java:92)
	at java.base/sun.nio.fs.UnixException.rethrowAsIOException(UnixException.java:111)
	at java.base/sun.nio.fs.UnixException.rethrowAsIOException(UnixException.java:116)
	at java.base/sun.nio.fs.UnixFileSystemProvider.newByteChannel(UnixFileSystemProvider.java:219)
	at java.base/java.nio.file.Files.newByteChannel(Files.java:370)
	at java.base/java.nio.file.Files.newByteChannel(Files.java:421)
	at java.base/java.nio.file.Files.readAllBytes(Files.java:3205)
	at scala.meta.internal.io.PlatformFileIO$.slurp(PlatformFileIO.scala:45)
	at scala.meta.internal.io.FileIO$.slurp(FileIO.scala:24)
	at scala.meta.internal.metals.MetalsLanguageServer.$anonfun$onChange$1(MetalsLanguageServer.scala:1050)
	at scala.meta.internal.metals.MetalsLanguageServer.$anonfun$onChange$1$adapted(MetalsLanguageServer.scala:1049)
	at scala.collection.immutable.Stream.foreach(Stream.scala:533)
	at scala.meta.internal.metals.MetalsLanguageServer.onChange(MetalsLanguageServer.scala:1049)
	at scala.meta.internal.metals.MetalsLanguageServer.didChangeWatchedFiles(MetalsLanguageServer.scala:1004)
	... 16 more

2020.07.24 10:58:43 INFO  skipping build import with status 'Dismissed'
2020.07.24 11:39:15 INFO  skipping build import with status 'Dismissed'
2020.07.24 11:40:01 WARN  code navigation does not work for the file '/home/linhnguyen/Desktop/_learn_/kafka+spark/src/main/scala/index.scala' because it doesn't belong to a build target.
2020.07.24 11:40:01 WARN  code navigation does not work for the file '/home/linhnguyen/Desktop/_learn_/kafka+spark/src/main/scala/index.scala' because it doesn't belong to a build target.
2020.07.24 11:52:21 INFO  skipping build import with status 'Dismissed'
2020.07.24 12:49:58 INFO  shutting down Metals
2020.07.24 13:42:17 INFO  started: Metals version 0.9.2 in workspace '/home/linhnguyen/Desktop/_learn_/kafka+spark' for client vscode.
2020.07.24 13:42:19 INFO  time: initialize in 2.59s
2020.07.24 13:42:21 INFO  no build target: using presentation compiler with only scala-library
2020.07.24 13:42:21 INFO  skipping build import with status 'Requested'
2020.07.24 13:42:26 WARN  no build target for: /home/linhnguyen/Desktop/_learn_/kafka+spark/src/main/scala/index.scala
2020.07.24 13:48:18 WARN  no build target for: /home/linhnguyen/Desktop/_learn_/kafka+spark/src/main/scala/index.scala
Jul 24, 2020 1:55:49 PM org.eclipse.lsp4j.jsonrpc.RemoteEndpoint handleNotification
WARNING: Notification threw an exception: {
  "jsonrpc": "2.0",
  "method": "workspace/didChangeWatchedFiles",
  "params": {
    "changes": [
      {
        "uri": "file:///home/linhnguyen/Desktop/_learn_/kafka%2Bspark/project/plugins.sbt",
        "type": 1
      },
      {
        "uri": "file:///home/linhnguyen/Desktop/_learn_/kafka%2Bspark/project/assembly.sbt",
        "type": 3
      }
    ]
  }
}
java.lang.RuntimeException: java.lang.reflect.InvocationTargetException
	at org.eclipse.lsp4j.jsonrpc.services.GenericEndpoint.lambda$null$0(GenericEndpoint.java:67)
	at org.eclipse.lsp4j.jsonrpc.services.GenericEndpoint.notify(GenericEndpoint.java:152)
	at org.eclipse.lsp4j.jsonrpc.RemoteEndpoint.handleNotification(RemoteEndpoint.java:220)
	at org.eclipse.lsp4j.jsonrpc.RemoteEndpoint.consume(RemoteEndpoint.java:187)
	at org.eclipse.lsp4j.jsonrpc.json.StreamMessageProducer.handleMessage(StreamMessageProducer.java:194)
	at org.eclipse.lsp4j.jsonrpc.json.StreamMessageProducer.listen(StreamMessageProducer.java:94)
	at org.eclipse.lsp4j.jsonrpc.json.ConcurrentMessageProcessor.run(ConcurrentMessageProcessor.java:113)
	at java.base/java.util.concurrent.Executors$RunnableAdapter.call(Executors.java:515)
	at java.base/java.util.concurrent.FutureTask.run(FutureTask.java:264)
	at java.base/java.util.concurrent.ThreadPoolExecutor.runWorker(ThreadPoolExecutor.java:1128)
	at java.base/java.util.concurrent.ThreadPoolExecutor$Worker.run(ThreadPoolExecutor.java:628)
	at java.base/java.lang.Thread.run(Thread.java:834)
Caused by: java.lang.reflect.InvocationTargetException
	at java.base/jdk.internal.reflect.NativeMethodAccessorImpl.invoke0(Native Method)
	at java.base/jdk.internal.reflect.NativeMethodAccessorImpl.invoke(NativeMethodAccessorImpl.java:62)
	at java.base/jdk.internal.reflect.DelegatingMethodAccessorImpl.invoke(DelegatingMethodAccessorImpl.java:43)
	at java.base/java.lang.reflect.Method.invoke(Method.java:566)
	at org.eclipse.lsp4j.jsonrpc.services.GenericEndpoint.lambda$null$0(GenericEndpoint.java:65)
	... 11 more
Caused by: java.nio.file.NoSuchFileException: /home/linhnguyen/Desktop/_learn_/kafka+spark/project/assembly.sbt
	at java.base/sun.nio.fs.UnixException.translateToIOException(UnixException.java:92)
	at java.base/sun.nio.fs.UnixException.rethrowAsIOException(UnixException.java:111)
	at java.base/sun.nio.fs.UnixException.rethrowAsIOException(UnixException.java:116)
	at java.base/sun.nio.fs.UnixFileSystemProvider.newByteChannel(UnixFileSystemProvider.java:219)
	at java.base/java.nio.file.Files.newByteChannel(Files.java:370)
	at java.base/java.nio.file.Files.newByteChannel(Files.java:421)
	at java.base/java.nio.file.Files.readAllBytes(Files.java:3205)
	at scala.meta.internal.io.PlatformFileIO$.slurp(PlatformFileIO.scala:45)
	at scala.meta.internal.io.FileIO$.slurp(FileIO.scala:24)
	at scala.meta.internal.metals.MetalsLanguageServer.$anonfun$onChange$1(MetalsLanguageServer.scala:1050)
	at scala.meta.internal.metals.MetalsLanguageServer.$anonfun$onChange$1$adapted(MetalsLanguageServer.scala:1049)
	at scala.collection.immutable.Stream.foreach(Stream.scala:533)
	at scala.meta.internal.metals.MetalsLanguageServer.onChange(MetalsLanguageServer.scala:1049)
	at scala.meta.internal.metals.MetalsLanguageServer.didChangeWatchedFiles(MetalsLanguageServer.scala:1004)
	... 16 more

2020.07.24 13:58:38 INFO  skipping build import with status 'Dismissed'
2020.07.24 13:59:37 INFO  skipping build import with status 'Dismissed'
2020.07.24 13:59:40 INFO  skipping build import with status 'Dismissed'
2020.07.24 13:59:52 INFO  skipping build import with status 'Dismissed'
2020.07.24 13:59:56 INFO  skipping build import with status 'Dismissed'
2020.07.24 14:00:16 INFO  skipping build import with status 'Dismissed'
2020.07.24 14:00:55 INFO  skipping build import with status 'Dismissed'
2020.07.24 14:14:38 INFO  skipping build import with status 'Dismissed'
2020.07.24 14:24:46 INFO  skipping build import with status 'Dismissed'
2020.07.24 14:25:20 INFO  skipping build import with status 'Dismissed'
Jul 24, 2020 2:25:22 PM org.eclipse.lsp4j.jsonrpc.RemoteEndpoint handleCancellation
WARNING: Unmatched cancel notification for request id 535
2020.07.24 14:25:22 INFO  skipping build import with status 'Dismissed'
2020.07.24 14:26:00 INFO  skipping build import with status 'Dismissed'
2020.07.24 14:26:03 INFO  skipping build import with status 'Dismissed'
2020.07.24 14:26:19 INFO  skipping build import with status 'Dismissed'
2020.07.24 14:27:18 WARN  code navigation does not work for the file '/home/linhnguyen/Desktop/_learn_/kafka+spark/src/main/scala/index.scala' because it doesn't belong to a build target.
2020.07.24 14:27:18 WARN  code navigation does not work for the file '/home/linhnguyen/Desktop/_learn_/kafka+spark/src/main/scala/index.scala' because it doesn't belong to a build target.
2020.07.24 14:29:29 WARN  no build target for: /home/linhnguyen/Desktop/_learn_/kafka+spark/src/main/scala/index.scala
2020.07.24 14:29:31 WARN  code navigation does not work for the file '/home/linhnguyen/Desktop/_learn_/kafka+spark/src/main/scala/index.scala' because it doesn't belong to a build target.
2020.07.24 14:29:31 WARN  code navigation does not work for the file '/home/linhnguyen/Desktop/_learn_/kafka+spark/src/main/scala/index.scala' because it doesn't belong to a build target.
2020.07.24 14:29:31 WARN  code navigation does not work for the file '/home/linhnguyen/Desktop/_learn_/kafka+spark/src/main/scala/index.scala' because it doesn't belong to a build target.
2020.07.24 14:29:31 WARN  code navigation does not work for the file '/home/linhnguyen/Desktop/_learn_/kafka+spark/src/main/scala/index.scala' because it doesn't belong to a build target.
2020.07.24 14:29:31 WARN  no build target for: /home/linhnguyen/Desktop/_learn_/kafka+spark/src/main/scala/index.scala
Jul 24, 2020 2:30:27 PM org.eclipse.lsp4j.jsonrpc.RemoteEndpoint handleCancellation
WARNING: Unmatched cancel notification for request id 634
Jul 24, 2020 2:31:14 PM org.eclipse.lsp4j.jsonrpc.RemoteEndpoint handleCancellation
WARNING: Unmatched cancel notification for request id 638
2020.07.24 14:31:17 WARN  code navigation does not work for the file '/home/linhnguyen/Desktop/_learn_/kafka+spark/src/main/scala/index.scala' because it doesn't belong to a build target.
2020.07.24 14:31:17 WARN  no build target for: /home/linhnguyen/Desktop/_learn_/kafka+spark/src/main/scala/index.scala
2020.07.24 14:34:32 WARN  no build target for: /home/linhnguyen/Desktop/_learn_/kafka+spark/src/main/scala/index.scala
2020.07.24 14:35:16 WARN  no build target for: /home/linhnguyen/Desktop/_learn_/kafka+spark/src/main/scala/index.scala
2020.07.24 14:35:25 WARN  no build target for: /home/linhnguyen/Desktop/_learn_/kafka+spark/src/main/scala/index.scala
2020.07.24 14:35:47 WARN  no build target for: /home/linhnguyen/Desktop/_learn_/kafka+spark/src/main/scala/index.scala
2020.07.24 14:45:48 INFO  skipping build import with status 'Requested'
2020.07.24 14:45:48 INFO  skipping build import with status 'Requested'
2020.07.24 14:47:19 INFO  shutting down Metals
2020.07.24 14:47:42 INFO  started: Metals version 0.9.2 in workspace '/home/linhnguyen/Desktop/_learn_/kafka+spark' for client vscode.
2020.07.24 14:47:46 INFO  time: initialize in 4.01s
2020.07.24 14:47:48 INFO  no build target: using presentation compiler with only scala-library
2020.07.24 14:48:00 WARN  no build target for: /home/linhnguyen/Desktop/_learn_/kafka+spark/src/main/scala/index.scala
Jul 24, 2020 2:48:00 PM org.eclipse.lsp4j.jsonrpc.RemoteEndpoint handleCancellation
WARNING: Unmatched cancel notification for request id 3
2020.07.24 14:48:01 INFO  skipping build import with status 'Dismissed'
2020.07.24 14:55:20 INFO  skipping build import with status 'Dismissed'
2020.07.24 14:55:21 INFO  skipping build import with status 'Dismissed'
